#
# There is insufficient memory for the Java Runtime Environment to continue.
# Native memory allocation (malloc) failed to allocate 612976 bytes. Error detail: Chunk::new
# Possible reasons:
#   The system is out of physical RAM or swap space
#   This process is running with CompressedOops enabled, and the Java Heap may be blocking the growth of the native heap
# Possible solutions:
#   Reduce memory load on the system
#   Increase physical memory or swap space
#   Check if swap backing store is full
#   Decrease Java heap size (-Xmx/-Xms)
#   Decrease number of Java threads
#   Decrease Java thread stack sizes (-Xss)
#   Set larger code cache with -XX:ReservedCodeCacheSize=
#   JVM is running with Unscaled Compressed Oops mode in which the Java heap is
#     placed in the first 4GB address space. The Java Heap base address is the
#     maximum limit for the native heap growth. Please use -XX:HeapBaseMinAddress
#     to set the Java Heap base and to place the Java Heap above 4GB virtual address.
# This output file may be truncated or incomplete.
#
#  Out of Memory Error (arena.cpp:168), pid=10040, tid=7640
#
# JRE version: OpenJDK Runtime Environment (21.0.6) (build 21.0.6+-13391695-b895.109)
# Java VM: OpenJDK 64-Bit Server VM (21.0.6+-13391695-b895.109, mixed mode, tiered, compressed oops, compressed class ptrs, g1 gc, windows-amd64)
# No core dump will be written. Minidumps are not enabled by default on client versions of Windows
#

---------------  S U M M A R Y ------------

Command Line: --add-opens=java.base/java.lang=ALL-UNNAMED --add-opens=java.base/java.lang.invoke=ALL-UNNAMED --add-opens=java.base/java.util=ALL-UNNAMED --add-opens=java.prefs/java.util.prefs=ALL-UNNAMED --add-exports=jdk.compiler/com.sun.tools.javac.api=ALL-UNNAMED --add-exports=jdk.compiler/com.sun.tools.javac.util=ALL-UNNAMED --add-opens=java.base/java.util=ALL-UNNAMED --add-opens=java.prefs/java.util.prefs=ALL-UNNAMED --add-opens=java.base/java.nio.charset=ALL-UNNAMED --add-opens=java.base/java.net=ALL-UNNAMED --add-opens=java.base/java.util.concurrent.atomic=ALL-UNNAMED --add-opens=java.xml/javax.xml.namespace=ALL-UNNAMED -Xmx2048m -Dfile.encoding=UTF-8 -Duser.country=BR -Duser.language=pt -Duser.variant -javaagent:C:\Users\Lenovo\.gradle\wrapper\dists\gradle-8.13-bin\5xuhj0ry160q40clulazy9h7d\gradle-8.13\lib\agents\gradle-instrumentation-agent-8.13.jar org.gradle.launcher.daemon.bootstrap.GradleDaemon 8.13

Host: Intel(R) Core(TM) i7-7500U CPU @ 2.70GHz, 4 cores, 11G,  Windows 10 , 64 bit Build 19041 (10.0.19041.5678)
Time: Mon Oct 27 20:51:56 2025 Hora oficial do Brasil elapsed time: 588.137707 seconds (0d 0h 9m 48s)

---------------  T H R E A D  ---------------

Current thread (0x00000219feae1f00):  JavaThread "C2 CompilerThread0" daemon [_thread_in_native, id=7640, stack(0x00000068ad700000,0x00000068ad800000) (1024K)]


Current CompileTask:
C2:588137 19255       4       org.gradle.api.internal.artifacts.configurations.DefaultConfiguration::notifyChildren (40 bytes)

Stack: [0x00000068ad700000,0x00000068ad800000]
Native frames: (J=compiled Java code, j=interpreted, Vv=VM code, C=native code)
V  [jvm.dll+0x6d0639]
V  [jvm.dll+0x85eb03]
V  [jvm.dll+0x86105e]
V  [jvm.dll+0x861743]
V  [jvm.dll+0x27e6e6]
V  [jvm.dll+0xbff6d]
V  [jvm.dll+0xc04a3]
V  [jvm.dll+0x2f2780]
V  [jvm.dll+0x5fa409]
V  [jvm.dll+0x250d92]
V  [jvm.dll+0x24958d]
V  [jvm.dll+0x24714e]
V  [jvm.dll+0x1c5f04]
V  [jvm.dll+0x2569ac]
V  [jvm.dll+0x254ef6]
V  [jvm.dll+0x3f0e96]
V  [jvm.dll+0x806ed8]
V  [jvm.dll+0x6cef0d]
C  [ucrtbase.dll+0x21bb2]
C  [KERNEL32.DLL+0x17374]
C  [ntdll.dll+0x4cc91]


---------------  P R O C E S S  ---------------

Threads class SMR info:
_java_thread_list=0x000002199ac73cd0, length=44, elements={
0x00000219f8a814d0, 0x00000219feab97f0, 0x00000219feac87a0, 0x00000219feac95a0,
0x00000219feac9c00, 0x00000219feaca260, 0x00000219feadb550, 0x00000219feae1f00,
0x00000219feaebd50, 0x00000219fec3ff20, 0x00000219fee38440, 0x00000219961aa5d0,
0x00000219958cc620, 0x00000219958cbef0, 0x0000021996236470, 0x0000021996235750,
0x0000021996236b00, 0x0000021996234a30, 0x0000021998607130, 0x0000021998607e50,
0x000002199639d420, 0x00000219993d7db0, 0x0000021997706cd0, 0x000002199f87ccb0,
0x000002199f8807c0, 0x000002199f87d340, 0x000002199f8814e0, 0x000002199f881b70,
0x000002199f882200, 0x000002199f87d9d0, 0x000002199f87f410, 0x000002199f87faa0,
0x000002199f87c620, 0x000002199f87e060, 0x000002199f882f20, 0x000002199f880130,
0x000002199f882890, 0x000002199f87bf90, 0x000002199f8863a0, 0x000002199f887de0,
0x000002199f88a540, 0x000002199f884ff0, 0x000002199f883c40, 0x00000219968f73d0
}

Java Threads: ( => current thread )
  0x00000219f8a814d0 JavaThread "main"                              [_thread_blocked, id=20192, stack(0x00000068ac900000,0x00000068aca00000) (1024K)]
  0x00000219feab97f0 JavaThread "Reference Handler"          daemon [_thread_blocked, id=16456, stack(0x00000068ad100000,0x00000068ad200000) (1024K)]
  0x00000219feac87a0 JavaThread "Finalizer"                  daemon [_thread_blocked, id=11800, stack(0x00000068ad200000,0x00000068ad300000) (1024K)]
  0x00000219feac95a0 JavaThread "Signal Dispatcher"          daemon [_thread_blocked, id=20472, stack(0x00000068ad300000,0x00000068ad400000) (1024K)]
  0x00000219feac9c00 JavaThread "Attach Listener"            daemon [_thread_blocked, id=32, stack(0x00000068ad400000,0x00000068ad500000) (1024K)]
  0x00000219feaca260 JavaThread "Service Thread"             daemon [_thread_blocked, id=4236, stack(0x00000068ad500000,0x00000068ad600000) (1024K)]
  0x00000219feadb550 JavaThread "Monitor Deflation Thread"   daemon [_thread_blocked, id=20096, stack(0x00000068ad600000,0x00000068ad700000) (1024K)]
=>0x00000219feae1f00 JavaThread "C2 CompilerThread0"         daemon [_thread_in_native, id=7640, stack(0x00000068ad700000,0x00000068ad800000) (1024K)]
  0x00000219feaebd50 JavaThread "C1 CompilerThread0"         daemon [_thread_blocked, id=8824, stack(0x00000068ad800000,0x00000068ad900000) (1024K)]
  0x00000219fec3ff20 JavaThread "Common-Cleaner"             daemon [_thread_blocked, id=19828, stack(0x00000068ad900000,0x00000068ada00000) (1024K)]
  0x00000219fee38440 JavaThread "Notification Thread"        daemon [_thread_blocked, id=16748, stack(0x00000068ada00000,0x00000068adb00000) (1024K)]
  0x00000219961aa5d0 JavaThread "Daemon health stats"               [_thread_blocked, id=260, stack(0x00000068ade00000,0x00000068adf00000) (1024K)]
  0x00000219958cc620 JavaThread "Incoming local TCP Connector on port 58094"        [_thread_in_native, id=7104, stack(0x00000068adf00000,0x00000068ae000000) (1024K)]
  0x00000219958cbef0 JavaThread "Daemon periodic checks"            [_thread_blocked, id=18680, stack(0x00000068ae000000,0x00000068ae100000) (1024K)]
  0x0000021996236470 JavaThread "Cache worker for journal cache (C:\Users\Lenovo\.gradle\caches\journal-1)"        [_thread_blocked, id=12600, stack(0x00000068ae800000,0x00000068ae900000) (1024K)]
  0x0000021996235750 JavaThread "File lock request listener"        [_thread_in_native, id=19976, stack(0x00000068ae900000,0x00000068aea00000) (1024K)]
  0x0000021996236b00 JavaThread "Cache worker for file hash cache (C:\Users\Lenovo\.gradle\caches\8.13\fileHashes)"        [_thread_blocked, id=16076, stack(0x00000068aeb00000,0x00000068aec00000) (1024K)]
  0x0000021996234a30 JavaThread "File watcher server"        daemon [_thread_in_native, id=3572, stack(0x00000068aed00000,0x00000068aee00000) (1024K)]
  0x0000021998607130 JavaThread "File watcher consumer"      daemon [_thread_blocked, id=20936, stack(0x00000068aee00000,0x00000068aef00000) (1024K)]
  0x0000021998607e50 JavaThread "Cache worker for file content cache (C:\Users\Lenovo\.gradle\caches\8.13\fileContent)"        [_thread_blocked, id=13836, stack(0x00000068af000000,0x00000068af100000) (1024K)]
  0x000002199639d420 JavaThread "Memory manager"                    [_thread_blocked, id=10084, stack(0x00000068afe00000,0x00000068aff00000) (1024K)]
  0x00000219993d7db0 JavaThread "pool-3-thread-1"                   [_thread_blocked, id=11448, stack(0x00000068aff00000,0x00000068b0000000) (1024K)]
  0x0000021997706cd0 JavaThread "pool-8-thread-1"                   [_thread_blocked, id=14256, stack(0x00000068af100000,0x00000068af200000) (1024K)]
  0x000002199f87ccb0 JavaThread "Daemon Thread 2"                   [_thread_blocked, id=15032, stack(0x00000068ac600000,0x00000068ac700000) (1024K)]
  0x000002199f8807c0 JavaThread "Handler for socket connection from /127.0.0.1:58094 to /127.0.0.1:58247"        [_thread_in_native, id=11436, stack(0x00000068ac700000,0x00000068ac800000) (1024K)]
  0x000002199f87d340 JavaThread "Cancel handler"                    [_thread_blocked, id=9848, stack(0x00000068ac800000,0x00000068ac900000) (1024K)]
  0x000002199f8814e0 JavaThread "Daemon worker Thread 2"            [_thread_in_Java, id=1624, stack(0x00000068ae100000,0x00000068ae200000) (1024K)]
  0x000002199f881b70 JavaThread "Asynchronous log dispatcher for DefaultDaemonConnection: socket connection from /127.0.0.1:58094 to /127.0.0.1:58247"        [_thread_blocked, id=21224, stack(0x00000068ae200000,0x00000068ae300000) (1024K)]
  0x000002199f882200 JavaThread "Stdin handler"                     [_thread_blocked, id=2064, stack(0x00000068ae300000,0x00000068ae400000) (1024K)]
  0x000002199f87d9d0 JavaThread "Daemon client event forwarder"        [_thread_blocked, id=20720, stack(0x00000068ae400000,0x00000068ae500000) (1024K)]
  0x000002199f87f410 JavaThread "Cache worker for file hash cache (C:\Users\Lenovo\AndroidStudioProjects\AtivosBolsaValores2\.gradle\8.13\fileHashes)"        [_thread_blocked, id=20772, stack(0x00000068ae500000,0x00000068ae600000) (1024K)]
  0x000002199f87faa0 JavaThread "Cache worker for Build Output Cleanup Cache (C:\Users\Lenovo\AndroidStudioProjects\AtivosBolsaValores2\.gradle\buildOutputCleanup)"        [_thread_blocked, id=15968, stack(0x00000068ae600000,0x00000068ae700000) (1024K)]
  0x000002199f87c620 JavaThread "Cache worker for checksums cache (C:\Users\Lenovo\AndroidStudioProjects\AtivosBolsaValores2\.gradle\8.13\checksums)"        [_thread_blocked, id=19476, stack(0x00000068ae700000,0x00000068ae800000) (1024K)]
  0x000002199f87e060 JavaThread "Cache worker for cache directory md-supplier (C:\Users\Lenovo\.gradle\caches\8.13\md-supplier)"        [_thread_blocked, id=9492, stack(0x00000068aea00000,0x00000068aeb00000) (1024K)]
  0x000002199f882f20 JavaThread "Cache worker for cache directory md-rule (C:\Users\Lenovo\.gradle\caches\8.13\md-rule)"        [_thread_blocked, id=7992, stack(0x00000068aec00000,0x00000068aed00000) (1024K)]
  0x000002199f880130 JavaThread "Unconstrained build operations"        [_thread_blocked, id=5464, stack(0x00000068af200000,0x00000068af300000) (1024K)]
  0x000002199f882890 JavaThread "Unconstrained build operations Thread 2"        [_thread_blocked, id=12544, stack(0x00000068af300000,0x00000068af400000) (1024K)]
  0x000002199f87bf90 JavaThread "Unconstrained build operations Thread 3"        [_thread_blocked, id=20948, stack(0x00000068af400000,0x00000068af500000) (1024K)]
  0x000002199f8863a0 JavaThread "Unconstrained build operations Thread 4"        [_thread_blocked, id=18716, stack(0x00000068aef00000,0x00000068af000000) (1024K)]
  0x000002199f887de0 JavaThread "Unconstrained build operations Thread 5"        [_thread_blocked, id=10456, stack(0x00000068af500000,0x00000068af600000) (1024K)]
  0x000002199f88a540 JavaThread "Unconstrained build operations Thread 6"        [_thread_blocked, id=13980, stack(0x00000068af600000,0x00000068af700000) (1024K)]
  0x000002199f884ff0 JavaThread "build event listener"              [_thread_blocked, id=20296, stack(0x00000068af700000,0x00000068af800000) (1024K)]
  0x000002199f883c40 JavaThread "build event listener"              [_thread_blocked, id=19160, stack(0x00000068af800000,0x00000068af900000) (1024K)]
  0x00000219968f73d0 JavaThread "C2 CompilerThread1"         daemon [_thread_blocked, id=16520, stack(0x00000068af900000,0x00000068afa00000) (1024K)]
Total: 44

Other Threads:
  0x00000219fea67b30 VMThread "VM Thread"                           [id=19432, stack(0x00000068ad000000,0x00000068ad100000) (1024K)]
  0x00000219fe8a4db0 WatcherThread "VM Periodic Task Thread"        [id=19240, stack(0x00000068acf00000,0x00000068ad000000) (1024K)]
  0x00000219f8ad5f30 WorkerThread "GC Thread#0"                     [id=19408, stack(0x00000068aca00000,0x00000068acb00000) (1024K)]
  0x00000219fef76b20 WorkerThread "GC Thread#1"                     [id=5652, stack(0x00000068adb00000,0x00000068adc00000) (1024K)]
  0x00000219fef76ec0 WorkerThread "GC Thread#2"                     [id=19852, stack(0x00000068adc00000,0x00000068add00000) (1024K)]
  0x00000219fef77260 WorkerThread "GC Thread#3"                     [id=5920, stack(0x00000068add00000,0x00000068ade00000) (1024K)]
  0x00000219f8ae6e20 ConcurrentGCThread "G1 Main Marker"            [id=15008, stack(0x00000068acb00000,0x00000068acc00000) (1024K)]
  0x00000219f8ae79a0 WorkerThread "G1 Conc#0"                       [id=18832, stack(0x00000068acc00000,0x00000068acd00000) (1024K)]
  0x00000219f8b4eb30 ConcurrentGCThread "G1 Refine#0"               [id=16628, stack(0x00000068acd00000,0x00000068ace00000) (1024K)]
  0x00000219fe777ca0 ConcurrentGCThread "G1 Service"                [id=15252, stack(0x00000068ace00000,0x00000068acf00000) (1024K)]
Total: 10

Threads with active compile tasks:
C2 CompilerThread0  588205 19255       4       org.gradle.api.internal.artifacts.configurations.DefaultConfiguration::notifyChildren (40 bytes)
Total: 1

VM state: not at safepoint (normal execution)

VM Mutex/Monitor currently owned by a thread: None

Heap address: 0x0000000080000000, size: 2048 MB, Compressed Oops mode: 32-bit

CDS archive(s) not mapped
Compressed class space mapped at: 0x0000000100000000-0x0000000140000000, reserved size: 1073741824
Narrow klass base: 0x0000000000000000, Narrow klass shift: 3, Narrow klass range: 0x140000000

GC Precious Log:
 CardTable entry size: 512
 Card Set container configuration: InlinePtr #cards 5 size 8 Array Of Cards #cards 12 size 40 Howl #buckets 4 coarsen threshold 1843 Howl Bitmap #cards 512 size 80 coarsen threshold 460 Card regions per heap region 1 cards per card region 2048
 CPUs: 4 total, 4 available
 Memory: 12162M
 Large Page Support: Disabled
 NUMA Support: Disabled
 Compressed Oops: Enabled (32-bit)
 Heap Region Size: 1M
 Heap Min Capacity: 8M
 Heap Initial Capacity: 192M
 Heap Max Capacity: 2G
 Pre-touch: Disabled
 Parallel Workers: 4
 Concurrent Workers: 1
 Concurrent Refinement Workers: 4
 Periodic GC: Disabled

Heap:
 garbage-first heap   total 337920K, used 273303K [0x0000000080000000, 0x0000000100000000)
  region size 1024K, 91 young (93184K), 5 survivors (5120K)
 Metaspace       used 139098K, committed 141504K, reserved 1179648K
  class space    used 17957K, committed 19200K, reserved 1048576K

Heap Regions: E=young(eden), S=young(survivor), O=old, HS=humongous(starts), HC=humongous(continues), CS=collection set, F=free, TAMS=top-at-mark-start, PB=parsable bottom
|   0|0x0000000080000000, 0x0000000080100000, 0x0000000080100000|100%|HS|  |TAMS 0x0000000080000000| PB 0x0000000080000000| Complete 
|   1|0x0000000080100000, 0x0000000080200000, 0x0000000080200000|100%|HC|  |TAMS 0x0000000080100000| PB 0x0000000080100000| Complete 
|   2|0x0000000080200000, 0x0000000080300000, 0x0000000080300000|100%|HC|  |TAMS 0x0000000080200000| PB 0x0000000080200000| Complete 
|   3|0x0000000080300000, 0x0000000080400000, 0x0000000080400000|100%| O|  |TAMS 0x0000000080300000| PB 0x0000000080300000| Untracked 
|   4|0x0000000080400000, 0x0000000080500000, 0x0000000080500000|100%| O|  |TAMS 0x0000000080400000| PB 0x0000000080400000| Untracked 
|   5|0x0000000080500000, 0x0000000080600000, 0x0000000080600000|100%| O|  |TAMS 0x0000000080500000| PB 0x0000000080500000| Untracked 
|   6|0x0000000080600000, 0x0000000080700000, 0x0000000080700000|100%|HS|  |TAMS 0x0000000080600000| PB 0x0000000080600000| Complete 
|   7|0x0000000080700000, 0x0000000080800000, 0x0000000080800000|100%| O|  |TAMS 0x0000000080700000| PB 0x0000000080700000| Untracked 
|   8|0x0000000080800000, 0x0000000080900000, 0x0000000080900000|100%| O|  |TAMS 0x0000000080800000| PB 0x0000000080800000| Untracked 
|   9|0x0000000080900000, 0x0000000080a00000, 0x0000000080a00000|100%| O|  |TAMS 0x0000000080900000| PB 0x0000000080900000| Untracked 
|  10|0x0000000080a00000, 0x0000000080b00000, 0x0000000080b00000|100%| O|  |TAMS 0x0000000080a00000| PB 0x0000000080a00000| Untracked 
|  11|0x0000000080b00000, 0x0000000080c00000, 0x0000000080c00000|100%| O|  |TAMS 0x0000000080b00000| PB 0x0000000080b00000| Untracked 
|  12|0x0000000080c00000, 0x0000000080d00000, 0x0000000080d00000|100%| O|  |TAMS 0x0000000080c00000| PB 0x0000000080c00000| Untracked 
|  13|0x0000000080d00000, 0x0000000080e00000, 0x0000000080e00000|100%| O|  |TAMS 0x0000000080d00000| PB 0x0000000080d00000| Untracked 
|  14|0x0000000080e00000, 0x0000000080f00000, 0x0000000080f00000|100%| O|  |TAMS 0x0000000080e00000| PB 0x0000000080e00000| Untracked 
|  15|0x0000000080f00000, 0x0000000081000000, 0x0000000081000000|100%| O|  |TAMS 0x0000000080f00000| PB 0x0000000080f00000| Untracked 
|  16|0x0000000081000000, 0x0000000081100000, 0x0000000081100000|100%| O|  |TAMS 0x0000000081000000| PB 0x0000000081000000| Untracked 
|  17|0x0000000081100000, 0x0000000081200000, 0x0000000081200000|100%| O|  |TAMS 0x0000000081100000| PB 0x0000000081100000| Untracked 
|  18|0x0000000081200000, 0x0000000081300000, 0x0000000081300000|100%| O|  |TAMS 0x0000000081200000| PB 0x0000000081200000| Untracked 
|  19|0x0000000081300000, 0x0000000081400000, 0x0000000081400000|100%| O|  |TAMS 0x0000000081300000| PB 0x0000000081300000| Untracked 
|  20|0x0000000081400000, 0x0000000081500000, 0x0000000081500000|100%| O|  |TAMS 0x0000000081400000| PB 0x0000000081400000| Untracked 
|  21|0x0000000081500000, 0x0000000081600000, 0x0000000081600000|100%| O|  |TAMS 0x0000000081500000| PB 0x0000000081500000| Untracked 
|  22|0x0000000081600000, 0x0000000081700000, 0x0000000081700000|100%| O|  |TAMS 0x0000000081600000| PB 0x0000000081600000| Untracked 
|  23|0x0000000081700000, 0x0000000081800000, 0x0000000081800000|100%| O|  |TAMS 0x0000000081700000| PB 0x0000000081700000| Untracked 
|  24|0x0000000081800000, 0x0000000081900000, 0x0000000081900000|100%| O|  |TAMS 0x0000000081800000| PB 0x0000000081800000| Untracked 
|  25|0x0000000081900000, 0x0000000081a00000, 0x0000000081a00000|100%| O|  |TAMS 0x0000000081900000| PB 0x0000000081900000| Untracked 
|  26|0x0000000081a00000, 0x0000000081b00000, 0x0000000081b00000|100%| O|  |TAMS 0x0000000081a00000| PB 0x0000000081a00000| Untracked 
|  27|0x0000000081b00000, 0x0000000081c00000, 0x0000000081c00000|100%| O|  |TAMS 0x0000000081b00000| PB 0x0000000081b00000| Untracked 
|  28|0x0000000081c00000, 0x0000000081d00000, 0x0000000081d00000|100%| O|  |TAMS 0x0000000081c00000| PB 0x0000000081c00000| Untracked 
|  29|0x0000000081d00000, 0x0000000081e00000, 0x0000000081e00000|100%| O|  |TAMS 0x0000000081d00000| PB 0x0000000081d00000| Untracked 
|  30|0x0000000081e00000, 0x0000000081f00000, 0x0000000081f00000|100%| O|  |TAMS 0x0000000081e00000| PB 0x0000000081e00000| Untracked 
|  31|0x0000000081f00000, 0x0000000082000000, 0x0000000082000000|100%| O|  |TAMS 0x0000000081f00000| PB 0x0000000081f00000| Untracked 
|  32|0x0000000082000000, 0x0000000082100000, 0x0000000082100000|100%| O|  |TAMS 0x0000000082000000| PB 0x0000000082000000| Untracked 
|  33|0x0000000082100000, 0x0000000082200000, 0x0000000082200000|100%| O|  |TAMS 0x0000000082100000| PB 0x0000000082100000| Untracked 
|  34|0x0000000082200000, 0x0000000082300000, 0x0000000082300000|100%| O|  |TAMS 0x0000000082200000| PB 0x0000000082200000| Untracked 
|  35|0x0000000082300000, 0x0000000082400000, 0x0000000082400000|100%| O|  |TAMS 0x0000000082300000| PB 0x0000000082300000| Untracked 
|  36|0x0000000082400000, 0x0000000082500000, 0x0000000082500000|100%| O|  |TAMS 0x0000000082400000| PB 0x0000000082400000| Untracked 
|  37|0x0000000082500000, 0x0000000082600000, 0x0000000082600000|100%| O|  |TAMS 0x0000000082500000| PB 0x0000000082500000| Untracked 
|  38|0x0000000082600000, 0x0000000082700000, 0x0000000082700000|100%|HS|  |TAMS 0x0000000082600000| PB 0x0000000082600000| Complete 
|  39|0x0000000082700000, 0x0000000082800000, 0x0000000082800000|100%| O|  |TAMS 0x0000000082700000| PB 0x0000000082700000| Untracked 
|  40|0x0000000082800000, 0x0000000082900000, 0x0000000082900000|100%| O|  |TAMS 0x0000000082800000| PB 0x0000000082800000| Untracked 
|  41|0x0000000082900000, 0x0000000082a00000, 0x0000000082a00000|100%| O|  |TAMS 0x0000000082900000| PB 0x0000000082900000| Untracked 
|  42|0x0000000082a00000, 0x0000000082b00000, 0x0000000082b00000|100%| O|  |TAMS 0x0000000082a00000| PB 0x0000000082a00000| Untracked 
|  43|0x0000000082b00000, 0x0000000082c00000, 0x0000000082c00000|100%|HS|  |TAMS 0x0000000082b00000| PB 0x0000000082b00000| Complete 
|  44|0x0000000082c00000, 0x0000000082d00000, 0x0000000082d00000|100%|HS|  |TAMS 0x0000000082c00000| PB 0x0000000082c00000| Complete 
|  45|0x0000000082d00000, 0x0000000082e00000, 0x0000000082e00000|100%| O|  |TAMS 0x0000000082d00000| PB 0x0000000082d00000| Untracked 
|  46|0x0000000082e00000, 0x0000000082f00000, 0x0000000082f00000|100%| O|Cm|TAMS 0x0000000082e00000| PB 0x0000000082e00000| Complete 
|  47|0x0000000082f00000, 0x0000000083000000, 0x0000000083000000|100%| O|  |TAMS 0x0000000082f00000| PB 0x0000000082f00000| Untracked 
|  48|0x0000000083000000, 0x0000000083100000, 0x0000000083100000|100%| O|  |TAMS 0x0000000083000000| PB 0x0000000083000000| Untracked 
|  49|0x0000000083100000, 0x0000000083200000, 0x0000000083200000|100%| O|  |TAMS 0x0000000083100000| PB 0x0000000083100000| Untracked 
|  50|0x0000000083200000, 0x0000000083300000, 0x0000000083300000|100%| O|  |TAMS 0x0000000083200000| PB 0x0000000083200000| Untracked 
|  51|0x0000000083300000, 0x0000000083400000, 0x0000000083400000|100%| O|  |TAMS 0x0000000083300000| PB 0x0000000083300000| Untracked 
|  52|0x0000000083400000, 0x0000000083500000, 0x0000000083500000|100%| O|  |TAMS 0x0000000083400000| PB 0x0000000083400000| Untracked 
|  53|0x0000000083500000, 0x0000000083600000, 0x0000000083600000|100%|HS|  |TAMS 0x0000000083500000| PB 0x0000000083500000| Complete 
|  54|0x0000000083600000, 0x0000000083700000, 0x0000000083700000|100%|HC|  |TAMS 0x0000000083600000| PB 0x0000000083600000| Complete 
|  55|0x0000000083700000, 0x0000000083800000, 0x0000000083800000|100%|HS|  |TAMS 0x0000000083700000| PB 0x0000000083700000| Complete 
|  56|0x0000000083800000, 0x0000000083900000, 0x0000000083900000|100%|HC|  |TAMS 0x0000000083800000| PB 0x0000000083800000| Complete 
|  57|0x0000000083900000, 0x0000000083a00000, 0x0000000083a00000|100%|HS|  |TAMS 0x0000000083900000| PB 0x0000000083900000| Complete 
|  58|0x0000000083a00000, 0x0000000083b00000, 0x0000000083b00000|100%|HC|  |TAMS 0x0000000083a00000| PB 0x0000000083a00000| Complete 
|  59|0x0000000083b00000, 0x0000000083c00000, 0x0000000083c00000|100%|HC|  |TAMS 0x0000000083b00000| PB 0x0000000083b00000| Complete 
|  60|0x0000000083c00000, 0x0000000083d00000, 0x0000000083d00000|100%|HS|  |TAMS 0x0000000083c00000| PB 0x0000000083c00000| Complete 
|  61|0x0000000083d00000, 0x0000000083e00000, 0x0000000083e00000|100%| O|  |TAMS 0x0000000083d00000| PB 0x0000000083d00000| Untracked 
|  62|0x0000000083e00000, 0x0000000083f00000, 0x0000000083f00000|100%|HS|  |TAMS 0x0000000083e00000| PB 0x0000000083e00000| Complete 
|  63|0x0000000083f00000, 0x0000000084000000, 0x0000000084000000|100%|HS|  |TAMS 0x0000000083f00000| PB 0x0000000083f00000| Complete 
|  64|0x0000000084000000, 0x0000000084100000, 0x0000000084100000|100%| O|  |TAMS 0x0000000084000000| PB 0x0000000084000000| Untracked 
|  65|0x0000000084100000, 0x0000000084200000, 0x0000000084200000|100%| O|  |TAMS 0x0000000084100000| PB 0x0000000084100000| Untracked 
|  66|0x0000000084200000, 0x0000000084300000, 0x0000000084300000|100%| O|  |TAMS 0x0000000084200000| PB 0x0000000084200000| Untracked 
|  67|0x0000000084300000, 0x0000000084400000, 0x0000000084400000|100%| O|  |TAMS 0x0000000084300000| PB 0x0000000084300000| Untracked 
|  68|0x0000000084400000, 0x0000000084500000, 0x0000000084500000|100%| O|  |TAMS 0x0000000084400000| PB 0x0000000084400000| Untracked 
|  69|0x0000000084500000, 0x0000000084600000, 0x0000000084600000|100%|HS|  |TAMS 0x0000000084500000| PB 0x0000000084500000| Complete 
|  70|0x0000000084600000, 0x0000000084700000, 0x0000000084700000|100%| O|  |TAMS 0x0000000084600000| PB 0x0000000084600000| Untracked 
|  71|0x0000000084700000, 0x0000000084800000, 0x0000000084800000|100%| O|  |TAMS 0x0000000084700000| PB 0x0000000084700000| Untracked 
|  72|0x0000000084800000, 0x0000000084900000, 0x0000000084900000|100%|HS|  |TAMS 0x0000000084800000| PB 0x0000000084800000| Complete 
|  73|0x0000000084900000, 0x0000000084a00000, 0x0000000084a00000|100%|HC|  |TAMS 0x0000000084900000| PB 0x0000000084900000| Complete 
|  74|0x0000000084a00000, 0x0000000084b00000, 0x0000000084b00000|100%|HC|  |TAMS 0x0000000084a00000| PB 0x0000000084a00000| Complete 
|  75|0x0000000084b00000, 0x0000000084c00000, 0x0000000084c00000|100%| O|  |TAMS 0x0000000084b00000| PB 0x0000000084b00000| Untracked 
|  76|0x0000000084c00000, 0x0000000084d00000, 0x0000000084d00000|100%| O|  |TAMS 0x0000000084c00000| PB 0x0000000084c00000| Untracked 
|  77|0x0000000084d00000, 0x0000000084e00000, 0x0000000084e00000|100%| O|  |TAMS 0x0000000084d00000| PB 0x0000000084d00000| Untracked 
|  78|0x0000000084e00000, 0x0000000084f00000, 0x0000000084f00000|100%| O|  |TAMS 0x0000000084e00000| PB 0x0000000084e00000| Untracked 
|  79|0x0000000084f00000, 0x0000000085000000, 0x0000000085000000|100%| O|  |TAMS 0x0000000084f00000| PB 0x0000000084f00000| Untracked 
|  80|0x0000000085000000, 0x0000000085100000, 0x0000000085100000|100%| O|  |TAMS 0x0000000085000000| PB 0x0000000085000000| Untracked 
|  81|0x0000000085100000, 0x0000000085200000, 0x0000000085200000|100%| O|  |TAMS 0x0000000085100000| PB 0x0000000085100000| Untracked 
|  82|0x0000000085200000, 0x0000000085300000, 0x0000000085300000|100%| O|  |TAMS 0x0000000085200000| PB 0x0000000085200000| Untracked 
|  83|0x0000000085300000, 0x0000000085400000, 0x0000000085400000|100%| O|Cm|TAMS 0x0000000085300000| PB 0x0000000085300000| Complete 
|  84|0x0000000085400000, 0x0000000085500000, 0x0000000085500000|100%| O|  |TAMS 0x0000000085400000| PB 0x0000000085400000| Untracked 
|  85|0x0000000085500000, 0x0000000085600000, 0x0000000085600000|100%| O|  |TAMS 0x0000000085500000| PB 0x0000000085500000| Untracked 
|  86|0x0000000085600000, 0x0000000085700000, 0x0000000085700000|100%| O|  |TAMS 0x0000000085600000| PB 0x0000000085600000| Untracked 
|  87|0x0000000085700000, 0x0000000085800000, 0x0000000085800000|100%| O|  |TAMS 0x0000000085700000| PB 0x0000000085700000| Untracked 
|  88|0x0000000085800000, 0x0000000085900000, 0x0000000085900000|100%| O|  |TAMS 0x0000000085800000| PB 0x0000000085800000| Untracked 
|  89|0x0000000085900000, 0x0000000085a00000, 0x0000000085a00000|100%| O|Cm|TAMS 0x0000000085900000| PB 0x0000000085900000| Complete 
|  90|0x0000000085a00000, 0x0000000085b00000, 0x0000000085b00000|100%| O|  |TAMS 0x0000000085a00000| PB 0x0000000085a00000| Untracked 
|  91|0x0000000085b00000, 0x0000000085c00000, 0x0000000085c00000|100%| O|  |TAMS 0x0000000085b00000| PB 0x0000000085b00000| Untracked 
|  92|0x0000000085c00000, 0x0000000085d00000, 0x0000000085d00000|100%| O|  |TAMS 0x0000000085c00000| PB 0x0000000085c00000| Untracked 
|  93|0x0000000085d00000, 0x0000000085e00000, 0x0000000085e00000|100%| O|  |TAMS 0x0000000085d00000| PB 0x0000000085d00000| Untracked 
|  94|0x0000000085e00000, 0x0000000085f00000, 0x0000000085f00000|100%| O|  |TAMS 0x0000000085e00000| PB 0x0000000085e00000| Untracked 
|  95|0x0000000085f00000, 0x0000000086000000, 0x0000000086000000|100%| O|  |TAMS 0x0000000085f00000| PB 0x0000000085f00000| Untracked 
|  96|0x0000000086000000, 0x0000000086100000, 0x0000000086100000|100%| O|  |TAMS 0x0000000086000000| PB 0x0000000086000000| Untracked 
|  97|0x0000000086100000, 0x0000000086200000, 0x0000000086200000|100%| O|  |TAMS 0x0000000086100000| PB 0x0000000086100000| Untracked 
|  98|0x0000000086200000, 0x0000000086300000, 0x0000000086300000|100%| O|  |TAMS 0x0000000086200000| PB 0x0000000086200000| Untracked 
|  99|0x0000000086300000, 0x0000000086400000, 0x0000000086400000|100%| O|  |TAMS 0x0000000086300000| PB 0x0000000086300000| Untracked 
| 100|0x0000000086400000, 0x0000000086500000, 0x0000000086500000|100%| O|  |TAMS 0x0000000086400000| PB 0x0000000086400000| Untracked 
| 101|0x0000000086500000, 0x0000000086600000, 0x0000000086600000|100%| O|  |TAMS 0x0000000086500000| PB 0x0000000086500000| Untracked 
| 102|0x0000000086600000, 0x0000000086700000, 0x0000000086700000|100%| O|Cm|TAMS 0x0000000086600000| PB 0x0000000086600000| Complete 
| 103|0x0000000086700000, 0x0000000086800000, 0x0000000086800000|100%| O|  |TAMS 0x0000000086700000| PB 0x0000000086700000| Untracked 
| 104|0x0000000086800000, 0x0000000086900000, 0x0000000086900000|100%| O|  |TAMS 0x0000000086800000| PB 0x0000000086800000| Untracked 
| 105|0x0000000086900000, 0x0000000086a00000, 0x0000000086a00000|100%| O|  |TAMS 0x0000000086900000| PB 0x0000000086900000| Untracked 
| 106|0x0000000086a00000, 0x0000000086b00000, 0x0000000086b00000|100%| O|  |TAMS 0x0000000086a00000| PB 0x0000000086a00000| Untracked 
| 107|0x0000000086b00000, 0x0000000086c00000, 0x0000000086c00000|100%| O|  |TAMS 0x0000000086b00000| PB 0x0000000086b00000| Untracked 
| 108|0x0000000086c00000, 0x0000000086d00000, 0x0000000086d00000|100%| O|  |TAMS 0x0000000086c00000| PB 0x0000000086c00000| Untracked 
| 109|0x0000000086d00000, 0x0000000086e00000, 0x0000000086e00000|100%| O|  |TAMS 0x0000000086d00000| PB 0x0000000086d00000| Untracked 
| 110|0x0000000086e00000, 0x0000000086f00000, 0x0000000086f00000|100%| O|Cm|TAMS 0x0000000086e00000| PB 0x0000000086e00000| Complete 
| 111|0x0000000086f00000, 0x0000000087000000, 0x0000000087000000|100%| O|  |TAMS 0x0000000086f00000| PB 0x0000000086f00000| Untracked 
| 112|0x0000000087000000, 0x0000000087100000, 0x0000000087100000|100%| O|Cm|TAMS 0x0000000087000000| PB 0x0000000087000000| Complete 
| 113|0x0000000087100000, 0x0000000087200000, 0x0000000087200000|100%| O|Cm|TAMS 0x0000000087100000| PB 0x0000000087100000| Complete 
| 114|0x0000000087200000, 0x0000000087300000, 0x0000000087300000|100%| O|Cm|TAMS 0x0000000087200000| PB 0x0000000087200000| Complete 
| 115|0x0000000087300000, 0x0000000087400000, 0x0000000087400000|100%| O|  |TAMS 0x0000000087300000| PB 0x0000000087300000| Untracked 
| 116|0x0000000087400000, 0x0000000087500000, 0x0000000087500000|100%| O|  |TAMS 0x0000000087400000| PB 0x0000000087400000| Untracked 
| 117|0x0000000087500000, 0x0000000087600000, 0x0000000087600000|100%| O|  |TAMS 0x0000000087500000| PB 0x0000000087500000| Untracked 
| 118|0x0000000087600000, 0x0000000087700000, 0x0000000087700000|100%| O|  |TAMS 0x0000000087600000| PB 0x0000000087600000| Untracked 
| 119|0x0000000087700000, 0x0000000087800000, 0x0000000087800000|100%| O|  |TAMS 0x0000000087700000| PB 0x0000000087700000| Untracked 
| 120|0x0000000087800000, 0x0000000087900000, 0x0000000087900000|100%| O|  |TAMS 0x0000000087800000| PB 0x0000000087800000| Untracked 
| 121|0x0000000087900000, 0x0000000087a00000, 0x0000000087a00000|100%| O|  |TAMS 0x0000000087900000| PB 0x0000000087900000| Untracked 
| 122|0x0000000087a00000, 0x0000000087b00000, 0x0000000087b00000|100%| O|  |TAMS 0x0000000087a00000| PB 0x0000000087a00000| Untracked 
| 123|0x0000000087b00000, 0x0000000087c00000, 0x0000000087c00000|100%| O|  |TAMS 0x0000000087b00000| PB 0x0000000087b00000| Untracked 
| 124|0x0000000087c00000, 0x0000000087d00000, 0x0000000087d00000|100%| O|  |TAMS 0x0000000087c00000| PB 0x0000000087c00000| Untracked 
| 125|0x0000000087d00000, 0x0000000087e00000, 0x0000000087e00000|100%|HS|  |TAMS 0x0000000087d00000| PB 0x0000000087d00000| Complete 
| 126|0x0000000087e00000, 0x0000000087f00000, 0x0000000087f00000|100%|HC|  |TAMS 0x0000000087e00000| PB 0x0000000087e00000| Complete 
| 127|0x0000000087f00000, 0x0000000088000000, 0x0000000088000000|100%|HC|  |TAMS 0x0000000087f00000| PB 0x0000000087f00000| Complete 
| 128|0x0000000088000000, 0x0000000088100000, 0x0000000088100000|100%|HC|  |TAMS 0x0000000088000000| PB 0x0000000088000000| Complete 
| 129|0x0000000088100000, 0x0000000088200000, 0x0000000088200000|100%|HC|  |TAMS 0x0000000088100000| PB 0x0000000088100000| Complete 
| 130|0x0000000088200000, 0x0000000088300000, 0x0000000088300000|100%|HC|  |TAMS 0x0000000088200000| PB 0x0000000088200000| Complete 
| 131|0x0000000088300000, 0x0000000088400000, 0x0000000088400000|100%|HC|  |TAMS 0x0000000088300000| PB 0x0000000088300000| Complete 
| 132|0x0000000088400000, 0x0000000088500000, 0x0000000088500000|100%|HC|  |TAMS 0x0000000088400000| PB 0x0000000088400000| Complete 
| 133|0x0000000088500000, 0x0000000088600000, 0x0000000088600000|100%|HC|  |TAMS 0x0000000088500000| PB 0x0000000088500000| Complete 
| 134|0x0000000088600000, 0x0000000088700000, 0x0000000088700000|100%|HC|  |TAMS 0x0000000088600000| PB 0x0000000088600000| Complete 
| 135|0x0000000088700000, 0x0000000088800000, 0x0000000088800000|100%|HC|  |TAMS 0x0000000088700000| PB 0x0000000088700000| Complete 
| 136|0x0000000088800000, 0x0000000088900000, 0x0000000088900000|100%|HC|  |TAMS 0x0000000088800000| PB 0x0000000088800000| Complete 
| 137|0x0000000088900000, 0x0000000088a00000, 0x0000000088a00000|100%|HC|  |TAMS 0x0000000088900000| PB 0x0000000088900000| Complete 
| 138|0x0000000088a00000, 0x0000000088b00000, 0x0000000088b00000|100%|HC|  |TAMS 0x0000000088a00000| PB 0x0000000088a00000| Complete 
| 139|0x0000000088b00000, 0x0000000088c00000, 0x0000000088c00000|100%|HC|  |TAMS 0x0000000088b00000| PB 0x0000000088b00000| Complete 
| 140|0x0000000088c00000, 0x0000000088d00000, 0x0000000088d00000|100%|HC|  |TAMS 0x0000000088c00000| PB 0x0000000088c00000| Complete 
| 141|0x0000000088d00000, 0x0000000088e00000, 0x0000000088e00000|100%|HC|  |TAMS 0x0000000088d00000| PB 0x0000000088d00000| Complete 
| 142|0x0000000088e00000, 0x0000000088f00000, 0x0000000088f00000|100%|HC|  |TAMS 0x0000000088e00000| PB 0x0000000088e00000| Complete 
| 143|0x0000000088f00000, 0x0000000088f00000, 0x0000000089000000|  0%| F|  |TAMS 0x0000000088f00000| PB 0x0000000088f00000| Untracked 
| 144|0x0000000089000000, 0x0000000089100000, 0x0000000089100000|100%| O|  |TAMS 0x0000000089000000| PB 0x0000000089000000| Untracked 
| 145|0x0000000089100000, 0x0000000089200000, 0x0000000089200000|100%| O|  |TAMS 0x0000000089100000| PB 0x0000000089100000| Untracked 
| 146|0x0000000089200000, 0x000000008925ffb8, 0x0000000089300000| 37%| O|  |TAMS 0x0000000089200000| PB 0x0000000089200000| Untracked 
| 147|0x0000000089300000, 0x0000000089300000, 0x0000000089400000|  0%| F|  |TAMS 0x0000000089300000| PB 0x0000000089300000| Untracked 
| 148|0x0000000089400000, 0x0000000089400000, 0x0000000089500000|  0%| F|  |TAMS 0x0000000089400000| PB 0x0000000089400000| Untracked 
| 149|0x0000000089500000, 0x0000000089500000, 0x0000000089600000|  0%| F|  |TAMS 0x0000000089500000| PB 0x0000000089500000| Untracked 
| 150|0x0000000089600000, 0x0000000089600000, 0x0000000089700000|  0%| F|  |TAMS 0x0000000089600000| PB 0x0000000089600000| Untracked 
| 151|0x0000000089700000, 0x0000000089700000, 0x0000000089800000|  0%| F|  |TAMS 0x0000000089700000| PB 0x0000000089700000| Untracked 
| 152|0x0000000089800000, 0x0000000089800000, 0x0000000089900000|  0%| F|  |TAMS 0x0000000089800000| PB 0x0000000089800000| Untracked 
| 153|0x0000000089900000, 0x0000000089900000, 0x0000000089a00000|  0%| F|  |TAMS 0x0000000089900000| PB 0x0000000089900000| Untracked 
| 154|0x0000000089a00000, 0x0000000089a00000, 0x0000000089b00000|  0%| F|  |TAMS 0x0000000089a00000| PB 0x0000000089a00000| Untracked 
| 155|0x0000000089b00000, 0x0000000089b00000, 0x0000000089c00000|  0%| F|  |TAMS 0x0000000089b00000| PB 0x0000000089b00000| Untracked 
| 156|0x0000000089c00000, 0x0000000089c00000, 0x0000000089d00000|  0%| F|  |TAMS 0x0000000089c00000| PB 0x0000000089c00000| Untracked 
| 157|0x0000000089d00000, 0x0000000089d00000, 0x0000000089e00000|  0%| F|  |TAMS 0x0000000089d00000| PB 0x0000000089d00000| Untracked 
| 158|0x0000000089e00000, 0x0000000089e00000, 0x0000000089f00000|  0%| F|  |TAMS 0x0000000089e00000| PB 0x0000000089e00000| Untracked 
| 159|0x0000000089f00000, 0x0000000089f00000, 0x000000008a000000|  0%| F|  |TAMS 0x0000000089f00000| PB 0x0000000089f00000| Untracked 
| 160|0x000000008a000000, 0x000000008a000000, 0x000000008a100000|  0%| F|  |TAMS 0x000000008a000000| PB 0x000000008a000000| Untracked 
| 161|0x000000008a100000, 0x000000008a100000, 0x000000008a200000|  0%| F|  |TAMS 0x000000008a100000| PB 0x000000008a100000| Untracked 
| 162|0x000000008a200000, 0x000000008a200000, 0x000000008a300000|  0%| F|  |TAMS 0x000000008a200000| PB 0x000000008a200000| Untracked 
| 163|0x000000008a300000, 0x000000008a300000, 0x000000008a400000|  0%| F|  |TAMS 0x000000008a300000| PB 0x000000008a300000| Untracked 
| 164|0x000000008a400000, 0x000000008a400000, 0x000000008a500000|  0%| F|  |TAMS 0x000000008a400000| PB 0x000000008a400000| Untracked 
| 165|0x000000008a500000, 0x000000008a600000, 0x000000008a600000|100%|HS|  |TAMS 0x000000008a500000| PB 0x000000008a500000| Complete 
| 166|0x000000008a600000, 0x000000008a700000, 0x000000008a700000|100%|HC|  |TAMS 0x000000008a600000| PB 0x000000008a600000| Complete 
| 167|0x000000008a700000, 0x000000008a800000, 0x000000008a800000|100%|HC|  |TAMS 0x000000008a700000| PB 0x000000008a700000| Complete 
| 168|0x000000008a800000, 0x000000008a900000, 0x000000008a900000|100%|HC|  |TAMS 0x000000008a800000| PB 0x000000008a800000| Complete 
| 169|0x000000008a900000, 0x000000008aa00000, 0x000000008aa00000|100%|HC|  |TAMS 0x000000008a900000| PB 0x000000008a900000| Complete 
| 170|0x000000008aa00000, 0x000000008ab00000, 0x000000008ab00000|100%|HC|  |TAMS 0x000000008aa00000| PB 0x000000008aa00000| Complete 
| 171|0x000000008ab00000, 0x000000008ac00000, 0x000000008ac00000|100%|HC|  |TAMS 0x000000008ab00000| PB 0x000000008ab00000| Complete 
| 172|0x000000008ac00000, 0x000000008ad00000, 0x000000008ad00000|100%|HC|  |TAMS 0x000000008ac00000| PB 0x000000008ac00000| Complete 
| 173|0x000000008ad00000, 0x000000008ae00000, 0x000000008ae00000|100%|HC|  |TAMS 0x000000008ad00000| PB 0x000000008ad00000| Complete 
| 174|0x000000008ae00000, 0x000000008af00000, 0x000000008af00000|100%|HC|  |TAMS 0x000000008ae00000| PB 0x000000008ae00000| Complete 
| 175|0x000000008af00000, 0x000000008b000000, 0x000000008b000000|100%|HC|  |TAMS 0x000000008af00000| PB 0x000000008af00000| Complete 
| 176|0x000000008b000000, 0x000000008b100000, 0x000000008b100000|100%|HC|  |TAMS 0x000000008b000000| PB 0x000000008b000000| Complete 
| 177|0x000000008b100000, 0x000000008b200000, 0x000000008b200000|100%|HC|  |TAMS 0x000000008b100000| PB 0x000000008b100000| Complete 
| 178|0x000000008b200000, 0x000000008b300000, 0x000000008b300000|100%|HC|  |TAMS 0x000000008b200000| PB 0x000000008b200000| Complete 
| 179|0x000000008b300000, 0x000000008b400000, 0x000000008b400000|100%|HC|  |TAMS 0x000000008b300000| PB 0x000000008b300000| Complete 
| 180|0x000000008b400000, 0x000000008b500000, 0x000000008b500000|100%|HC|  |TAMS 0x000000008b400000| PB 0x000000008b400000| Complete 
| 181|0x000000008b500000, 0x000000008b600000, 0x000000008b600000|100%|HC|  |TAMS 0x000000008b500000| PB 0x000000008b500000| Complete 
| 182|0x000000008b600000, 0x000000008b700000, 0x000000008b700000|100%|HC|  |TAMS 0x000000008b600000| PB 0x000000008b600000| Complete 
| 183|0x000000008b700000, 0x000000008b700000, 0x000000008b800000|  0%| F|  |TAMS 0x000000008b700000| PB 0x000000008b700000| Untracked 
| 184|0x000000008b800000, 0x000000008b800000, 0x000000008b900000|  0%| F|  |TAMS 0x000000008b800000| PB 0x000000008b800000| Untracked 
| 185|0x000000008b900000, 0x000000008b900000, 0x000000008ba00000|  0%| F|  |TAMS 0x000000008b900000| PB 0x000000008b900000| Untracked 
| 186|0x000000008ba00000, 0x000000008ba00000, 0x000000008bb00000|  0%| F|  |TAMS 0x000000008ba00000| PB 0x000000008ba00000| Untracked 
| 187|0x000000008bb00000, 0x000000008bb00000, 0x000000008bc00000|  0%| F|  |TAMS 0x000000008bb00000| PB 0x000000008bb00000| Untracked 
| 188|0x000000008bc00000, 0x000000008bc00000, 0x000000008bd00000|  0%| F|  |TAMS 0x000000008bc00000| PB 0x000000008bc00000| Untracked 
| 189|0x000000008bd00000, 0x000000008bd00000, 0x000000008be00000|  0%| F|  |TAMS 0x000000008bd00000| PB 0x000000008bd00000| Untracked 
| 190|0x000000008be00000, 0x000000008be00000, 0x000000008bf00000|  0%| F|  |TAMS 0x000000008be00000| PB 0x000000008be00000| Untracked 
| 191|0x000000008bf00000, 0x000000008bf00000, 0x000000008c000000|  0%| F|  |TAMS 0x000000008bf00000| PB 0x000000008bf00000| Untracked 
| 192|0x000000008c000000, 0x000000008c000000, 0x000000008c100000|  0%| F|  |TAMS 0x000000008c000000| PB 0x000000008c000000| Untracked 
| 193|0x000000008c100000, 0x000000008c100000, 0x000000008c200000|  0%| F|  |TAMS 0x000000008c100000| PB 0x000000008c100000| Untracked 
| 194|0x000000008c200000, 0x000000008c200000, 0x000000008c300000|  0%| F|  |TAMS 0x000000008c200000| PB 0x000000008c200000| Untracked 
| 195|0x000000008c300000, 0x000000008c300000, 0x000000008c400000|  0%| F|  |TAMS 0x000000008c300000| PB 0x000000008c300000| Untracked 
| 196|0x000000008c400000, 0x000000008c400000, 0x000000008c500000|  0%| F|  |TAMS 0x000000008c400000| PB 0x000000008c400000| Untracked 
| 197|0x000000008c500000, 0x000000008c500000, 0x000000008c600000|  0%| F|  |TAMS 0x000000008c500000| PB 0x000000008c500000| Untracked 
| 198|0x000000008c600000, 0x000000008c600000, 0x000000008c700000|  0%| F|  |TAMS 0x000000008c600000| PB 0x000000008c600000| Untracked 
| 199|0x000000008c700000, 0x000000008c700000, 0x000000008c800000|  0%| F|  |TAMS 0x000000008c700000| PB 0x000000008c700000| Untracked 
| 200|0x000000008c800000, 0x000000008c800000, 0x000000008c900000|  0%| F|  |TAMS 0x000000008c800000| PB 0x000000008c800000| Untracked 
| 201|0x000000008c900000, 0x000000008c900000, 0x000000008ca00000|  0%| F|  |TAMS 0x000000008c900000| PB 0x000000008c900000| Untracked 
| 202|0x000000008ca00000, 0x000000008ca00000, 0x000000008cb00000|  0%| F|  |TAMS 0x000000008ca00000| PB 0x000000008ca00000| Untracked 
| 203|0x000000008cb00000, 0x000000008cb00000, 0x000000008cc00000|  0%| F|  |TAMS 0x000000008cb00000| PB 0x000000008cb00000| Untracked 
| 204|0x000000008cc00000, 0x000000008cc00000, 0x000000008cd00000|  0%| F|  |TAMS 0x000000008cc00000| PB 0x000000008cc00000| Untracked 
| 205|0x000000008cd00000, 0x000000008cd00000, 0x000000008ce00000|  0%| F|  |TAMS 0x000000008cd00000| PB 0x000000008cd00000| Untracked 
| 206|0x000000008ce00000, 0x000000008ce00000, 0x000000008cf00000|  0%| F|  |TAMS 0x000000008ce00000| PB 0x000000008ce00000| Untracked 
| 207|0x000000008cf00000, 0x000000008cf00000, 0x000000008d000000|  0%| F|  |TAMS 0x000000008cf00000| PB 0x000000008cf00000| Untracked 
| 208|0x000000008d000000, 0x000000008d000000, 0x000000008d100000|  0%| F|  |TAMS 0x000000008d000000| PB 0x000000008d000000| Untracked 
| 209|0x000000008d100000, 0x000000008d100000, 0x000000008d200000|  0%| F|  |TAMS 0x000000008d100000| PB 0x000000008d100000| Untracked 
| 210|0x000000008d200000, 0x000000008d200000, 0x000000008d300000|  0%| F|  |TAMS 0x000000008d200000| PB 0x000000008d200000| Untracked 
| 211|0x000000008d300000, 0x000000008d300000, 0x000000008d400000|  0%| F|  |TAMS 0x000000008d300000| PB 0x000000008d300000| Untracked 
| 212|0x000000008d400000, 0x000000008d400000, 0x000000008d500000|  0%| F|  |TAMS 0x000000008d400000| PB 0x000000008d400000| Untracked 
| 213|0x000000008d500000, 0x000000008d500000, 0x000000008d600000|  0%| F|  |TAMS 0x000000008d500000| PB 0x000000008d500000| Untracked 
| 214|0x000000008d600000, 0x000000008d600000, 0x000000008d700000|  0%| F|  |TAMS 0x000000008d600000| PB 0x000000008d600000| Untracked 
| 215|0x000000008d700000, 0x000000008d700000, 0x000000008d800000|  0%| F|  |TAMS 0x000000008d700000| PB 0x000000008d700000| Untracked 
| 216|0x000000008d800000, 0x000000008d800000, 0x000000008d900000|  0%| F|  |TAMS 0x000000008d800000| PB 0x000000008d800000| Untracked 
| 217|0x000000008d900000, 0x000000008d900000, 0x000000008da00000|  0%| F|  |TAMS 0x000000008d900000| PB 0x000000008d900000| Untracked 
| 218|0x000000008da00000, 0x000000008da00000, 0x000000008db00000|  0%| F|  |TAMS 0x000000008da00000| PB 0x000000008da00000| Untracked 
| 219|0x000000008db00000, 0x000000008db00000, 0x000000008dc00000|  0%| F|  |TAMS 0x000000008db00000| PB 0x000000008db00000| Untracked 
| 220|0x000000008dc00000, 0x000000008dc00000, 0x000000008dd00000|  0%| F|  |TAMS 0x000000008dc00000| PB 0x000000008dc00000| Untracked 
| 221|0x000000008dd00000, 0x000000008dd00000, 0x000000008de00000|  0%| F|  |TAMS 0x000000008dd00000| PB 0x000000008dd00000| Untracked 
| 222|0x000000008de00000, 0x000000008de00000, 0x000000008df00000|  0%| F|  |TAMS 0x000000008de00000| PB 0x000000008de00000| Untracked 
| 223|0x000000008df00000, 0x000000008df00000, 0x000000008e000000|  0%| F|  |TAMS 0x000000008df00000| PB 0x000000008df00000| Untracked 
| 224|0x000000008e000000, 0x000000008e0b9228, 0x000000008e100000| 72%| E|  |TAMS 0x000000008e000000| PB 0x000000008e000000| Complete 
| 225|0x000000008e100000, 0x000000008e200000, 0x000000008e200000|100%| E|CS|TAMS 0x000000008e100000| PB 0x000000008e100000| Complete 
| 226|0x000000008e200000, 0x000000008e300000, 0x000000008e300000|100%| E|CS|TAMS 0x000000008e200000| PB 0x000000008e200000| Complete 
| 227|0x000000008e300000, 0x000000008e400000, 0x000000008e400000|100%| E|CS|TAMS 0x000000008e300000| PB 0x000000008e300000| Complete 
| 228|0x000000008e400000, 0x000000008e500000, 0x000000008e500000|100%| E|CS|TAMS 0x000000008e400000| PB 0x000000008e400000| Complete 
| 229|0x000000008e500000, 0x000000008e600000, 0x000000008e600000|100%| E|CS|TAMS 0x000000008e500000| PB 0x000000008e500000| Complete 
| 230|0x000000008e600000, 0x000000008e700000, 0x000000008e700000|100%| E|CS|TAMS 0x000000008e600000| PB 0x000000008e600000| Complete 
| 231|0x000000008e700000, 0x000000008e800000, 0x000000008e800000|100%| E|CS|TAMS 0x000000008e700000| PB 0x000000008e700000| Complete 
| 232|0x000000008e800000, 0x000000008e900000, 0x000000008e900000|100%| E|CS|TAMS 0x000000008e800000| PB 0x000000008e800000| Complete 
| 233|0x000000008e900000, 0x000000008ea00000, 0x000000008ea00000|100%| E|CS|TAMS 0x000000008e900000| PB 0x000000008e900000| Complete 
| 234|0x000000008ea00000, 0x000000008eb00000, 0x000000008eb00000|100%| E|CS|TAMS 0x000000008ea00000| PB 0x000000008ea00000| Complete 
| 235|0x000000008eb00000, 0x000000008ec00000, 0x000000008ec00000|100%| E|CS|TAMS 0x000000008eb00000| PB 0x000000008eb00000| Complete 
| 236|0x000000008ec00000, 0x000000008ed00000, 0x000000008ed00000|100%| E|CS|TAMS 0x000000008ec00000| PB 0x000000008ec00000| Complete 
| 237|0x000000008ed00000, 0x000000008ee00000, 0x000000008ee00000|100%| E|CS|TAMS 0x000000008ed00000| PB 0x000000008ed00000| Complete 
| 238|0x000000008ee00000, 0x000000008ef00000, 0x000000008ef00000|100%| E|CS|TAMS 0x000000008ee00000| PB 0x000000008ee00000| Complete 
| 239|0x000000008ef00000, 0x000000008f000000, 0x000000008f000000|100%| E|CS|TAMS 0x000000008ef00000| PB 0x000000008ef00000| Complete 
| 240|0x000000008f000000, 0x000000008f100000, 0x000000008f100000|100%| E|CS|TAMS 0x000000008f000000| PB 0x000000008f000000| Complete 
| 241|0x000000008f100000, 0x000000008f200000, 0x000000008f200000|100%| E|CS|TAMS 0x000000008f100000| PB 0x000000008f100000| Complete 
| 242|0x000000008f200000, 0x000000008f300000, 0x000000008f300000|100%| E|CS|TAMS 0x000000008f200000| PB 0x000000008f200000| Complete 
| 243|0x000000008f300000, 0x000000008f400000, 0x000000008f400000|100%| E|CS|TAMS 0x000000008f300000| PB 0x000000008f300000| Complete 
| 244|0x000000008f400000, 0x000000008f500000, 0x000000008f500000|100%| E|CS|TAMS 0x000000008f400000| PB 0x000000008f400000| Complete 
| 245|0x000000008f500000, 0x000000008f600000, 0x000000008f600000|100%| E|CS|TAMS 0x000000008f500000| PB 0x000000008f500000| Complete 
| 246|0x000000008f600000, 0x000000008f700000, 0x000000008f700000|100%| E|  |TAMS 0x000000008f600000| PB 0x000000008f600000| Complete 
| 247|0x000000008f700000, 0x000000008f800000, 0x000000008f800000|100%| E|CS|TAMS 0x000000008f700000| PB 0x000000008f700000| Complete 
| 248|0x000000008f800000, 0x000000008f900000, 0x000000008f900000|100%| E|CS|TAMS 0x000000008f800000| PB 0x000000008f800000| Complete 
| 249|0x000000008f900000, 0x000000008fa00000, 0x000000008fa00000|100%| E|CS|TAMS 0x000000008f900000| PB 0x000000008f900000| Complete 
| 250|0x000000008fa00000, 0x000000008fb00000, 0x000000008fb00000|100%| E|CS|TAMS 0x000000008fa00000| PB 0x000000008fa00000| Complete 
| 251|0x000000008fb00000, 0x000000008fc00000, 0x000000008fc00000|100%| E|CS|TAMS 0x000000008fb00000| PB 0x000000008fb00000| Complete 
| 252|0x000000008fc00000, 0x000000008fd00000, 0x000000008fd00000|100%| E|CS|TAMS 0x000000008fc00000| PB 0x000000008fc00000| Complete 
| 253|0x000000008fd00000, 0x000000008fe00000, 0x000000008fe00000|100%| E|CS|TAMS 0x000000008fd00000| PB 0x000000008fd00000| Complete 
| 254|0x000000008fe00000, 0x000000008ff00000, 0x000000008ff00000|100%| E|CS|TAMS 0x000000008fe00000| PB 0x000000008fe00000| Complete 
| 255|0x000000008ff00000, 0x000000008ff85f18, 0x0000000090000000| 52%| S|CS|TAMS 0x000000008ff00000| PB 0x000000008ff00000| Complete 
| 256|0x0000000090000000, 0x0000000090100000, 0x0000000090100000|100%| S|CS|TAMS 0x0000000090000000| PB 0x0000000090000000| Complete 
| 257|0x0000000090100000, 0x0000000090200000, 0x0000000090200000|100%| S|CS|TAMS 0x0000000090100000| PB 0x0000000090100000| Complete 
| 258|0x0000000090200000, 0x0000000090300000, 0x0000000090300000|100%| S|CS|TAMS 0x0000000090200000| PB 0x0000000090200000| Complete 
| 259|0x0000000090300000, 0x0000000090400000, 0x0000000090400000|100%| S|CS|TAMS 0x0000000090300000| PB 0x0000000090300000| Complete 
| 260|0x0000000090400000, 0x0000000090500000, 0x0000000090500000|100%| E|CS|TAMS 0x0000000090400000| PB 0x0000000090400000| Complete 
| 261|0x0000000090500000, 0x0000000090600000, 0x0000000090600000|100%| E|CS|TAMS 0x0000000090500000| PB 0x0000000090500000| Complete 
| 262|0x0000000090600000, 0x0000000090700000, 0x0000000090700000|100%| E|CS|TAMS 0x0000000090600000| PB 0x0000000090600000| Complete 
| 263|0x0000000090700000, 0x0000000090800000, 0x0000000090800000|100%| E|CS|TAMS 0x0000000090700000| PB 0x0000000090700000| Complete 
| 264|0x0000000090800000, 0x0000000090900000, 0x0000000090900000|100%| E|CS|TAMS 0x0000000090800000| PB 0x0000000090800000| Complete 
| 265|0x0000000090900000, 0x0000000090a00000, 0x0000000090a00000|100%| E|CS|TAMS 0x0000000090900000| PB 0x0000000090900000| Complete 
| 266|0x0000000090a00000, 0x0000000090b00000, 0x0000000090b00000|100%| E|CS|TAMS 0x0000000090a00000| PB 0x0000000090a00000| Complete 
| 267|0x0000000090b00000, 0x0000000090c00000, 0x0000000090c00000|100%| E|CS|TAMS 0x0000000090b00000| PB 0x0000000090b00000| Complete 
| 268|0x0000000090c00000, 0x0000000090d00000, 0x0000000090d00000|100%| E|CS|TAMS 0x0000000090c00000| PB 0x0000000090c00000| Complete 
| 269|0x0000000090d00000, 0x0000000090e00000, 0x0000000090e00000|100%| E|CS|TAMS 0x0000000090d00000| PB 0x0000000090d00000| Complete 
| 270|0x0000000090e00000, 0x0000000090f00000, 0x0000000090f00000|100%| E|CS|TAMS 0x0000000090e00000| PB 0x0000000090e00000| Complete 
| 271|0x0000000090f00000, 0x0000000091000000, 0x0000000091000000|100%| E|CS|TAMS 0x0000000090f00000| PB 0x0000000090f00000| Complete 
| 272|0x0000000091000000, 0x0000000091100000, 0x0000000091100000|100%| E|CS|TAMS 0x0000000091000000| PB 0x0000000091000000| Complete 
| 273|0x0000000091100000, 0x0000000091200000, 0x0000000091200000|100%| E|CS|TAMS 0x0000000091100000| PB 0x0000000091100000| Complete 
| 274|0x0000000091200000, 0x0000000091300000, 0x0000000091300000|100%| E|CS|TAMS 0x0000000091200000| PB 0x0000000091200000| Complete 
| 275|0x0000000091300000, 0x0000000091400000, 0x0000000091400000|100%| E|CS|TAMS 0x0000000091300000| PB 0x0000000091300000| Complete 
| 276|0x0000000091400000, 0x0000000091500000, 0x0000000091500000|100%| E|CS|TAMS 0x0000000091400000| PB 0x0000000091400000| Complete 
| 277|0x0000000091500000, 0x0000000091600000, 0x0000000091600000|100%| E|CS|TAMS 0x0000000091500000| PB 0x0000000091500000| Complete 
| 278|0x0000000091600000, 0x0000000091700000, 0x0000000091700000|100%| E|CS|TAMS 0x0000000091600000| PB 0x0000000091600000| Complete 
| 279|0x0000000091700000, 0x0000000091800000, 0x0000000091800000|100%| E|CS|TAMS 0x0000000091700000| PB 0x0000000091700000| Complete 
| 280|0x0000000091800000, 0x0000000091900000, 0x0000000091900000|100%| E|CS|TAMS 0x0000000091800000| PB 0x0000000091800000| Complete 
| 281|0x0000000091900000, 0x0000000091a00000, 0x0000000091a00000|100%| E|CS|TAMS 0x0000000091900000| PB 0x0000000091900000| Complete 
| 282|0x0000000091a00000, 0x0000000091b00000, 0x0000000091b00000|100%| E|CS|TAMS 0x0000000091a00000| PB 0x0000000091a00000| Complete 
| 283|0x0000000091b00000, 0x0000000091c00000, 0x0000000091c00000|100%| E|CS|TAMS 0x0000000091b00000| PB 0x0000000091b00000| Complete 
| 284|0x0000000091c00000, 0x0000000091d00000, 0x0000000091d00000|100%| E|CS|TAMS 0x0000000091c00000| PB 0x0000000091c00000| Complete 
| 285|0x0000000091d00000, 0x0000000091e00000, 0x0000000091e00000|100%| E|CS|TAMS 0x0000000091d00000| PB 0x0000000091d00000| Complete 
| 286|0x0000000091e00000, 0x0000000091f00000, 0x0000000091f00000|100%| E|CS|TAMS 0x0000000091e00000| PB 0x0000000091e00000| Complete 
| 287|0x0000000091f00000, 0x0000000092000000, 0x0000000092000000|100%| E|CS|TAMS 0x0000000091f00000| PB 0x0000000091f00000| Complete 
| 288|0x0000000092000000, 0x0000000092100000, 0x0000000092100000|100%| E|CS|TAMS 0x0000000092000000| PB 0x0000000092000000| Complete 
| 289|0x0000000092100000, 0x0000000092200000, 0x0000000092200000|100%| E|CS|TAMS 0x0000000092100000| PB 0x0000000092100000| Complete 
| 290|0x0000000092200000, 0x0000000092300000, 0x0000000092300000|100%| E|CS|TAMS 0x0000000092200000| PB 0x0000000092200000| Complete 
| 291|0x0000000092300000, 0x0000000092400000, 0x0000000092400000|100%| E|CS|TAMS 0x0000000092300000| PB 0x0000000092300000| Complete 
| 292|0x0000000092400000, 0x0000000092500000, 0x0000000092500000|100%| E|CS|TAMS 0x0000000092400000| PB 0x0000000092400000| Complete 
| 293|0x0000000092500000, 0x0000000092600000, 0x0000000092600000|100%| E|CS|TAMS 0x0000000092500000| PB 0x0000000092500000| Complete 
| 294|0x0000000092600000, 0x0000000092700000, 0x0000000092700000|100%| E|CS|TAMS 0x0000000092600000| PB 0x0000000092600000| Complete 
| 295|0x0000000092700000, 0x0000000092800000, 0x0000000092800000|100%| E|CS|TAMS 0x0000000092700000| PB 0x0000000092700000| Complete 
| 296|0x0000000092800000, 0x0000000092900000, 0x0000000092900000|100%| E|CS|TAMS 0x0000000092800000| PB 0x0000000092800000| Complete 
| 297|0x0000000092900000, 0x0000000092a00000, 0x0000000092a00000|100%| E|CS|TAMS 0x0000000092900000| PB 0x0000000092900000| Complete 
| 298|0x0000000092a00000, 0x0000000092b00000, 0x0000000092b00000|100%| E|CS|TAMS 0x0000000092a00000| PB 0x0000000092a00000| Complete 
| 299|0x0000000092b00000, 0x0000000092c00000, 0x0000000092c00000|100%| E|CS|TAMS 0x0000000092b00000| PB 0x0000000092b00000| Complete 
| 300|0x0000000092c00000, 0x0000000092d00000, 0x0000000092d00000|100%| E|CS|TAMS 0x0000000092c00000| PB 0x0000000092c00000| Complete 
| 301|0x0000000092d00000, 0x0000000092e00000, 0x0000000092e00000|100%| E|CS|TAMS 0x0000000092d00000| PB 0x0000000092d00000| Complete 
| 302|0x0000000092e00000, 0x0000000092f00000, 0x0000000092f00000|100%| E|CS|TAMS 0x0000000092e00000| PB 0x0000000092e00000| Complete 
| 303|0x0000000092f00000, 0x0000000093000000, 0x0000000093000000|100%| E|CS|TAMS 0x0000000092f00000| PB 0x0000000092f00000| Complete 
| 304|0x0000000093000000, 0x0000000093100000, 0x0000000093100000|100%| E|CS|TAMS 0x0000000093000000| PB 0x0000000093000000| Complete 
| 305|0x0000000093100000, 0x0000000093200000, 0x0000000093200000|100%| E|CS|TAMS 0x0000000093100000| PB 0x0000000093100000| Complete 
| 306|0x0000000093200000, 0x0000000093300000, 0x0000000093300000|100%| E|CS|TAMS 0x0000000093200000| PB 0x0000000093200000| Complete 
| 307|0x0000000093300000, 0x0000000093400000, 0x0000000093400000|100%| E|CS|TAMS 0x0000000093300000| PB 0x0000000093300000| Complete 
| 308|0x0000000093400000, 0x0000000093500000, 0x0000000093500000|100%| E|CS|TAMS 0x0000000093400000| PB 0x0000000093400000| Complete 
| 309|0x0000000093500000, 0x0000000093600000, 0x0000000093600000|100%| E|CS|TAMS 0x0000000093500000| PB 0x0000000093500000| Complete 
| 310|0x0000000093600000, 0x0000000093700000, 0x0000000093700000|100%| E|CS|TAMS 0x0000000093600000| PB 0x0000000093600000| Complete 
| 311|0x0000000093700000, 0x0000000093800000, 0x0000000093800000|100%| E|CS|TAMS 0x0000000093700000| PB 0x0000000093700000| Complete 
|2030|0x00000000fee00000, 0x00000000fef00000, 0x00000000fef00000|100%| O|Cm|TAMS 0x00000000fee00000| PB 0x00000000fee00000| Complete 
|2031|0x00000000fef00000, 0x00000000ff000000, 0x00000000ff000000|100%| O|  |TAMS 0x00000000fef00000| PB 0x00000000fef00000| Untracked 
|2032|0x00000000ff000000, 0x00000000ff100000, 0x00000000ff100000|100%| O|  |TAMS 0x00000000ff000000| PB 0x00000000ff000000| Untracked 
|2033|0x00000000ff100000, 0x00000000ff200000, 0x00000000ff200000|100%| O|  |TAMS 0x00000000ff100000| PB 0x00000000ff100000| Untracked 
|2034|0x00000000ff200000, 0x00000000ff300000, 0x00000000ff300000|100%| O|  |TAMS 0x00000000ff200000| PB 0x00000000ff200000| Untracked 
|2035|0x00000000ff300000, 0x00000000ff400000, 0x00000000ff400000|100%| O|  |TAMS 0x00000000ff300000| PB 0x00000000ff300000| Untracked 
|2036|0x00000000ff400000, 0x00000000ff500000, 0x00000000ff500000|100%| O|  |TAMS 0x00000000ff400000| PB 0x00000000ff400000| Untracked 
|2037|0x00000000ff500000, 0x00000000ff600000, 0x00000000ff600000|100%| O|  |TAMS 0x00000000ff500000| PB 0x00000000ff500000| Untracked 
|2038|0x00000000ff600000, 0x00000000ff700000, 0x00000000ff700000|100%| O|  |TAMS 0x00000000ff600000| PB 0x00000000ff600000| Untracked 
|2039|0x00000000ff700000, 0x00000000ff800000, 0x00000000ff800000|100%| O|  |TAMS 0x00000000ff700000| PB 0x00000000ff700000| Untracked 
|2040|0x00000000ff800000, 0x00000000ff900000, 0x00000000ff900000|100%| O|  |TAMS 0x00000000ff800000| PB 0x00000000ff800000| Untracked 
|2041|0x00000000ff900000, 0x00000000ffa00000, 0x00000000ffa00000|100%| O|  |TAMS 0x00000000ff900000| PB 0x00000000ff900000| Untracked 
|2042|0x00000000ffa00000, 0x00000000ffb00000, 0x00000000ffb00000|100%| O|  |TAMS 0x00000000ffa00000| PB 0x00000000ffa00000| Untracked 
|2043|0x00000000ffb00000, 0x00000000ffc00000, 0x00000000ffc00000|100%| E|CS|TAMS 0x00000000ffb00000| PB 0x00000000ffb00000| Complete 
|2044|0x00000000ffc00000, 0x00000000ffd00000, 0x00000000ffd00000|100%| E|CS|TAMS 0x00000000ffc00000| PB 0x00000000ffc00000| Complete 
|2045|0x00000000ffd00000, 0x00000000ffe00000, 0x00000000ffe00000|100%| E|CS|TAMS 0x00000000ffd00000| PB 0x00000000ffd00000| Complete 
|2046|0x00000000ffe00000, 0x00000000fff00000, 0x00000000fff00000|100%| O|  |TAMS 0x00000000ffe00000| PB 0x00000000ffe00000| Untracked 
|2047|0x00000000fff00000, 0x0000000100000000, 0x0000000100000000|100%| O|  |TAMS 0x00000000fff00000| PB 0x00000000fff00000| Untracked 

Card table byte_map: [0x00000219fbfe0000,0x00000219fc3e0000] _byte_map_base: 0x00000219fbbe0000

Marking Bits: (CMBitMap*) 0x00000219f8ad6540
 Bits: [0x00000219fc3e0000, 0x00000219fe3e0000)

Polling page: 0x00000219f6950000

Metaspace:

Usage:
  Non-class:    118.30 MB used.
      Class:     17.54 MB used.
       Both:    135.84 MB used.

Virtual space:
  Non-class space:      128.00 MB reserved,     119.44 MB ( 93%) committed,  2 nodes.
      Class space:        1.00 GB reserved,      18.75 MB (  2%) committed,  1 nodes.
             Both:        1.12 GB reserved,     138.19 MB ( 12%) committed. 

Chunk freelists:
   Non-Class:  8.44 MB
       Class:  13.29 MB
        Both:  21.73 MB

MaxMetaspaceSize: unlimited
CompressedClassSpaceSize: 1.00 GB
Initial GC threshold: 21.00 MB
Current GC threshold: 222.50 MB
CDS: off
 - commit_granule_bytes: 65536.
 - commit_granule_words: 8192.
 - virtual_space_node_default_size: 8388608.
 - enlarge_chunks_in_place: 1.
 - use_allocation_guard: 0.


Internal statistics:

num_allocs_failed_limit: 6.
num_arena_births: 4580.
num_arena_deaths: 0.
num_vsnodes_births: 3.
num_vsnodes_deaths: 0.
num_space_committed: 2209.
num_space_uncommitted: 0.
num_chunks_returned_to_freelist: 6.
num_chunks_taken_from_freelist: 10511.
num_chunk_merges: 6.
num_chunk_splits: 6904.
num_chunks_enlarged: 4354.
num_inconsistent_stats: 0.

CodeHeap 'non-profiled nmethods': size=120000Kb used=10650Kb max_used=10650Kb free=109349Kb
 bounds [0x0000021987ad0000, 0x0000021988540000, 0x000002198f000000]
CodeHeap 'profiled nmethods': size=120000Kb used=30483Kb max_used=30483Kb free=89516Kb
 bounds [0x0000021980000000, 0x0000021981dd0000, 0x0000021987530000]
CodeHeap 'non-nmethods': size=5760Kb used=2206Kb max_used=2285Kb free=3553Kb
 bounds [0x0000021987530000, 0x00000219877a0000, 0x0000021987ad0000]
 total_blobs=17058 nmethods=16133 adapters=828
 compilation: enabled
              stopped_count=0, restarted_count=0
 full_count=0

Compilation events (20 events):
Event: 588.058 Thread 0x00000219feaebd50 19256   !   3       sun.net.www.protocol.jar.JarFileFactory::getOrCreate (91 bytes)
Event: 588.060 Thread 0x00000219feaebd50 nmethod 19256 0x0000021981db2e90 code [0x0000021981db3100, 0x0000021981db3828]
Event: 588.060 Thread 0x00000219feaebd50 19257   !   3       sun.net.www.protocol.jar.JarFileFactory::get (146 bytes)
Event: 588.062 Thread 0x00000219feaebd50 nmethod 19257 0x0000021981db3b10 code [0x0000021981db3da0, 0x0000021981db4818]
Event: 588.064 Thread 0x00000219feae1f00 nmethod 19254 0x0000021988534610 code [0x00000219885347a0, 0x0000021988534858]
Event: 588.064 Thread 0x00000219feae1f00 19255       4       org.gradle.api.internal.artifacts.configurations.DefaultConfiguration::notifyChildren (40 bytes)
Event: 588.077 Thread 0x00000219feaebd50 19259       1       org.gradle.api.internal.file.DefaultProjectLayout::getBuildDirectory (5 bytes)
Event: 588.079 Thread 0x00000219feaebd50 nmethod 19259 0x0000021988534910 code [0x0000021988534aa0, 0x0000021988534b68]
Event: 588.082 Thread 0x00000219feaebd50 19260       1       org.gradle.api.internal.notations.DependencyNotationParser::getNotationParser (5 bytes)
Event: 588.082 Thread 0x00000219feaebd50 nmethod 19260 0x0000021988534c10 code [0x0000021988534da0, 0x0000021988534e68]
Event: 588.082 Thread 0x00000219feaebd50 19261       1       com.android.builder.core.ComponentTypeImpl::isTestFixturesComponent (5 bytes)
Event: 588.082 Thread 0x00000219feaebd50 nmethod 19261 0x0000021988534f10 code [0x00000219885350a0, 0x0000021988535170]
Event: 588.088 Thread 0x00000219feaebd50 19263       3       com.google.common.util.concurrent.AbstractFuture$UnsafeAtomicHelper::casValue (13 bytes)
Event: 588.090 Thread 0x00000219feaebd50 nmethod 19263 0x0000021981db4c90 code [0x0000021981db4e40, 0x0000021981db5030]
Event: 588.112 Thread 0x00000219feaebd50 19264       3       com.android.build.gradle.internal.services.VariantServicesImpl::provider (28 bytes)
Event: 588.116 Thread 0x00000219feaebd50 nmethod 19264 0x0000021981db5110 code [0x0000021981db5380, 0x0000021981db5d68]
Event: 588.117 Thread 0x00000219feaebd50 19265       3       org.gradle.api.internal.provider.AbstractProperty::disallowUnsafeRead (8 bytes)
Event: 588.117 Thread 0x00000219feaebd50 nmethod 19265 0x0000021981db6190 code [0x0000021981db6340, 0x0000021981db6510]
Event: 588.117 Thread 0x00000219feaebd50 19266       3       org.gradle.api.internal.provider.ValueState$NonFinalizedValue::disallowUnsafeRead (11 bytes)
Event: 588.117 Thread 0x00000219feaebd50 nmethod 19266 0x0000021981db6610 code [0x0000021981db67a0, 0x0000021981db68b0]

GC Heap History (20 events):
Event: 46.380 GC heap before
{Heap before GC invocations=57 (full 0):
 garbage-first heap   total 196608K, used 179833K [0x0000000080000000, 0x0000000100000000)
  region size 1024K, 65 young (66560K), 2 survivors (2048K)
 Metaspace       used 121745K, committed 124032K, reserved 1179648K
  class space    used 16294K, committed 17472K, reserved 1048576K
}
Event: 46.393 GC heap after
{Heap after GC invocations=58 (full 0):
 garbage-first heap   total 196608K, used 120246K [0x0000000080000000, 0x0000000100000000)
  region size 1024K, 6 young (6144K), 6 survivors (6144K)
 Metaspace       used 121745K, committed 124032K, reserved 1179648K
  class space    used 16294K, committed 17472K, reserved 1048576K
}
Event: 47.049 GC heap before
{Heap before GC invocations=58 (full 0):
 garbage-first heap   total 196608K, used 177590K [0x0000000080000000, 0x0000000100000000)
  region size 1024K, 63 young (64512K), 6 survivors (6144K)
 Metaspace       used 122244K, committed 124544K, reserved 1179648K
  class space    used 16349K, committed 17536K, reserved 1048576K
}
Event: 47.065 GC heap after
{Heap after GC invocations=59 (full 0):
 garbage-first heap   total 196608K, used 124357K [0x0000000080000000, 0x0000000100000000)
  region size 1024K, 7 young (7168K), 7 survivors (7168K)
 Metaspace       used 122244K, committed 124544K, reserved 1179648K
  class space    used 16349K, committed 17536K, reserved 1048576K
}
Event: 54.474 GC heap before
{Heap before GC invocations=60 (full 0):
 garbage-first heap   total 206848K, used 175557K [0x0000000080000000, 0x0000000100000000)
  region size 1024K, 59 young (60416K), 7 survivors (7168K)
 Metaspace       used 123125K, committed 125440K, reserved 1179648K
  class space    used 16451K, committed 17664K, reserved 1048576K
}
Event: 54.486 GC heap after
{Heap after GC invocations=61 (full 0):
 garbage-first heap   total 206848K, used 125054K [0x0000000080000000, 0x0000000100000000)
  region size 1024K, 5 young (5120K), 5 survivors (5120K)
 Metaspace       used 123125K, committed 125440K, reserved 1179648K
  class space    used 16451K, committed 17664K, reserved 1048576K
}
Event: 56.179 GC heap before
{Heap before GC invocations=61 (full 0):
 garbage-first heap   total 206848K, used 204926K [0x0000000080000000, 0x0000000100000000)
  region size 1024K, 64 young (65536K), 5 survivors (5120K)
 Metaspace       used 125769K, committed 128128K, reserved 1179648K
  class space    used 16798K, committed 17984K, reserved 1048576K
}
Event: 56.195 GC heap after
{Heap after GC invocations=62 (full 0):
 garbage-first heap   total 216064K, used 125099K [0x0000000080000000, 0x0000000100000000)
  region size 1024K, 6 young (6144K), 6 survivors (6144K)
 Metaspace       used 125769K, committed 128128K, reserved 1179648K
  class space    used 16798K, committed 17984K, reserved 1048576K
}
Event: 60.897 GC heap before
{Heap before GC invocations=62 (full 0):
 garbage-first heap   total 216064K, used 195755K [0x0000000080000000, 0x0000000100000000)
  region size 1024K, 76 young (77824K), 6 survivors (6144K)
 Metaspace       used 130433K, committed 132736K, reserved 1179648K
  class space    used 17217K, committed 18368K, reserved 1048576K
}
Event: 60.915 GC heap after
{Heap after GC invocations=63 (full 0):
 garbage-first heap   total 216064K, used 128726K [0x0000000080000000, 0x0000000100000000)
  region size 1024K, 8 young (8192K), 8 survivors (8192K)
 Metaspace       used 130433K, committed 132736K, reserved 1179648K
  class space    used 17217K, committed 18368K, reserved 1048576K
}
Event: 64.180 GC heap before
{Heap before GC invocations=63 (full 0):
 garbage-first heap   total 216064K, used 195286K [0x0000000080000000, 0x0000000100000000)
  region size 1024K, 73 young (74752K), 8 survivors (8192K)
 Metaspace       used 132624K, committed 134976K, reserved 1179648K
  class space    used 17391K, committed 18560K, reserved 1048576K
}
Event: 64.201 GC heap after
{Heap after GC invocations=64 (full 0):
 garbage-first heap   total 216064K, used 135247K [0x0000000080000000, 0x0000000100000000)
  region size 1024K, 10 young (10240K), 10 survivors (10240K)
 Metaspace       used 132624K, committed 134976K, reserved 1179648K
  class space    used 17391K, committed 18560K, reserved 1048576K
}
Event: 66.115 GC heap before
{Heap before GC invocations=65 (full 0):
 garbage-first heap   total 227328K, used 191567K [0x0000000080000000, 0x0000000100000000)
  region size 1024K, 66 young (67584K), 10 survivors (10240K)
 Metaspace       used 133846K, committed 136192K, reserved 1179648K
  class space    used 17536K, committed 18752K, reserved 1048576K
}
Event: 66.144 GC heap after
{Heap after GC invocations=66 (full 0):
 garbage-first heap   total 227328K, used 140856K [0x0000000080000000, 0x0000000100000000)
  region size 1024K, 6 young (6144K), 6 survivors (6144K)
 Metaspace       used 133846K, committed 136192K, reserved 1179648K
  class space    used 17536K, committed 18752K, reserved 1048576K
}
Event: 70.507 GC heap before
{Heap before GC invocations=66 (full 0):
 garbage-first heap   total 227328K, used 224824K [0x0000000080000000, 0x0000000100000000)
  region size 1024K, 71 young (72704K), 6 survivors (6144K)
 Metaspace       used 134237K, committed 136576K, reserved 1179648K
  class space    used 17563K, committed 18752K, reserved 1048576K
}
Event: 70.530 GC heap after
{Heap after GC invocations=67 (full 0):
 garbage-first heap   total 240640K, used 163734K [0x0000000080000000, 0x0000000100000000)
  region size 1024K, 6 young (6144K), 6 survivors (6144K)
 Metaspace       used 134237K, committed 136576K, reserved 1179648K
  class space    used 17563K, committed 18752K, reserved 1048576K
}
Event: 70.547 GC heap before
{Heap before GC invocations=67 (full 0):
 garbage-first heap   total 240640K, used 163734K [0x0000000080000000, 0x0000000100000000)
  region size 1024K, 7 young (7168K), 6 survivors (6144K)
 Metaspace       used 134262K, committed 136576K, reserved 1179648K
  class space    used 17568K, committed 18752K, reserved 1048576K
}
Event: 70.555 GC heap after
{Heap after GC invocations=68 (full 0):
 garbage-first heap   total 240640K, used 165247K [0x0000000080000000, 0x0000000100000000)
  region size 1024K, 1 young (1024K), 1 survivors (1024K)
 Metaspace       used 134262K, committed 136576K, reserved 1179648K
  class space    used 17568K, committed 18752K, reserved 1048576K
}
Event: 74.309 GC heap before
{Heap before GC invocations=69 (full 0):
 garbage-first heap   total 337920K, used 280959K [0x0000000080000000, 0x0000000100000000)
  region size 1024K, 56 young (57344K), 1 survivors (1024K)
 Metaspace       used 138814K, committed 141248K, reserved 1179648K
  class space    used 17949K, committed 19200K, reserved 1048576K
}
Event: 74.318 GC heap after
{Heap after GC invocations=70 (full 0):
 garbage-first heap   total 337920K, used 187287K [0x0000000080000000, 0x0000000100000000)
  region size 1024K, 5 young (5120K), 5 survivors (5120K)
 Metaspace       used 138814K, committed 141248K, reserved 1179648K
  class space    used 17949K, committed 19200K, reserved 1048576K
}

Dll operation events (3 events):
Event: 0.019 Loaded shared library C:\Program Files\Android\Android Studio\jbr\bin\java.dll
Event: 0.036 Loaded shared library C:\Program Files\Android\Android Studio\jbr\bin\zip.dll
Event: 1.520 Loaded shared library C:\Program Files\Android\Android Studio\jbr\bin\verify.dll

Deoptimization events (20 events):
Event: 584.468 Thread 0x000002199f8814e0 Uncommon trap: trap_request=0xffffffbe fr.pc=0x000002198846ec28 relative=0x00000000000026c8
Event: 584.470 Thread 0x000002199f8814e0 Uncommon trap: reason=profile_predicate action=maybe_recompile pc=0x000002198846ec28 method=org.gradle.api.internal.artifacts.ivyservice.resolveengine.graph.builder.DependencyGraphBuilder.performSelectionSerially(Ljava/util/List;Lorg/gradle/api/specs/Spec
Event: 584.470 Thread 0x000002199f8814e0 DEOPT PACKING pc=0x000002198846ec28 sp=0x00000068ae1f8810
Event: 584.470 Thread 0x000002199f8814e0 DEOPT UNPACKING pc=0x00000219875846a2 sp=0x00000068ae1f8820 mode 2
Event: 584.554 Thread 0x000002199f8814e0 Uncommon trap: trap_request=0xffffffbe fr.pc=0x000002198846ec28 relative=0x00000000000026c8
Event: 584.554 Thread 0x000002199f8814e0 Uncommon trap: reason=profile_predicate action=maybe_recompile pc=0x000002198846ec28 method=org.gradle.api.internal.artifacts.ivyservice.resolveengine.graph.builder.DependencyGraphBuilder.performSelectionSerially(Ljava/util/List;Lorg/gradle/api/specs/Spec
Event: 584.554 Thread 0x000002199f8814e0 DEOPT PACKING pc=0x000002198846ec28 sp=0x00000068ae1f8810
Event: 584.555 Thread 0x000002199f8814e0 DEOPT UNPACKING pc=0x00000219875846a2 sp=0x00000068ae1f8820 mode 2
Event: 584.562 Thread 0x000002199f8814e0 Uncommon trap: trap_request=0xffffffbe fr.pc=0x000002198846ec28 relative=0x00000000000026c8
Event: 584.563 Thread 0x000002199f8814e0 Uncommon trap: reason=profile_predicate action=maybe_recompile pc=0x000002198846ec28 method=org.gradle.api.internal.artifacts.ivyservice.resolveengine.graph.builder.DependencyGraphBuilder.performSelectionSerially(Ljava/util/List;Lorg/gradle/api/specs/Spec
Event: 584.563 Thread 0x000002199f8814e0 DEOPT PACKING pc=0x000002198846ec28 sp=0x00000068ae1f8810
Event: 584.563 Thread 0x000002199f8814e0 DEOPT UNPACKING pc=0x00000219875846a2 sp=0x00000068ae1f8820 mode 2
Event: 584.576 Thread 0x000002199f8814e0 Uncommon trap: trap_request=0xffffffbe fr.pc=0x000002198846ec28 relative=0x00000000000026c8
Event: 584.576 Thread 0x000002199f8814e0 Uncommon trap: reason=profile_predicate action=maybe_recompile pc=0x000002198846ec28 method=org.gradle.api.internal.artifacts.ivyservice.resolveengine.graph.builder.DependencyGraphBuilder.performSelectionSerially(Ljava/util/List;Lorg/gradle/api/specs/Spec
Event: 584.576 Thread 0x000002199f8814e0 DEOPT PACKING pc=0x000002198846ec28 sp=0x00000068ae1f85e0
Event: 584.576 Thread 0x000002199f8814e0 DEOPT UNPACKING pc=0x00000219875846a2 sp=0x00000068ae1f85f0 mode 2
Event: 586.250 Thread 0x000002199f8814e0 DEOPT PACKING pc=0x0000021980486389 sp=0x00000068ae1f94e0
Event: 586.250 Thread 0x000002199f8814e0 DEOPT UNPACKING pc=0x0000021987584e42 sp=0x00000068ae1f89d0 mode 0
Event: 587.539 Thread 0x000002199f8814e0 DEOPT PACKING pc=0x00000219806ebcea sp=0x00000068ae1f8910
Event: 587.539 Thread 0x000002199f8814e0 DEOPT UNPACKING pc=0x0000021987584e42 sp=0x00000068ae1f7d98 mode 0

Classes loaded (20 events):
Event: 70.544 Loading class jdk/internal/misc/ExtendedMapMode
Event: 70.544 Loading class jdk/internal/misc/ExtendedMapMode done
Event: 70.545 Loading class sun/nio/ch/FileChannelImpl$DefaultUnmapper
Event: 70.545 Loading class sun/nio/ch/FileChannelImpl$Unmapper
Event: 70.545 Loading class jdk/internal/access/foreign/UnmapperProxy
Event: 70.545 Loading class jdk/internal/access/foreign/UnmapperProxy done
Event: 70.545 Loading class sun/nio/ch/FileChannelImpl$Unmapper done
Event: 70.545 Loading class sun/nio/ch/FileChannelImpl$DefaultUnmapper done
Event: 70.546 Loading class sun/nio/ch/Util$4
Event: 70.546 Loading class sun/nio/ch/Util$4 done
Event: 71.198 Loading class java/util/zip/ZipFile$ZipEntryIterator
Event: 71.198 Loading class java/util/zip/ZipFile$ZipEntryIterator done
Event: 71.351 Loading class java/rmi/RemoteException
Event: 71.352 Loading class java/rmi/RemoteException done
Event: 71.868 Loading class java/io/UTFDataFormatException
Event: 71.868 Loading class java/io/UTFDataFormatException done
Event: 74.446 Loading class java/io/PrintWriter$1
Event: 74.446 Loading class jdk/internal/access/JavaIOPrintWriterAccess
Event: 74.446 Loading class jdk/internal/access/JavaIOPrintWriterAccess done
Event: 74.446 Loading class java/io/PrintWriter$1 done

Classes unloaded (0 events):
No events

Classes redefined (0 events):
No events

Internal exceptions (20 events):
Event: 75.284 Thread 0x0000021996519010 Exception <a 'sun/nio/fs/WindowsException'{0x00000000930522a8}> (0x00000000930522a8) 
thrown [s\src\hotspot\share\prims\jni.cpp, line 535]
Event: 75.361 Thread 0x0000021996519010 Exception <a 'sun/nio/fs/WindowsException'{0x0000000093065030}> (0x0000000093065030) 
thrown [s\src\hotspot\share\prims\jni.cpp, line 535]
Event: 75.361 Thread 0x0000021996519010 Exception <a 'sun/nio/fs/WindowsException'{0x0000000093065b58}> (0x0000000093065b58) 
thrown [s\src\hotspot\share\prims\jni.cpp, line 535]
Event: 75.361 Thread 0x0000021996519010 Exception <a 'sun/nio/fs/WindowsException'{0x00000000930666d8}> (0x00000000930666d8) 
thrown [s\src\hotspot\share\prims\jni.cpp, line 535]
Event: 75.361 Thread 0x0000021996519010 Exception <a 'sun/nio/fs/WindowsException'{0x0000000093067900}> (0x0000000093067900) 
thrown [s\src\hotspot\share\prims\jni.cpp, line 535]
Event: 75.362 Thread 0x0000021996519010 Exception <a 'sun/nio/fs/WindowsException'{0x00000000930684c8}> (0x00000000930684c8) 
thrown [s\src\hotspot\share\prims\jni.cpp, line 535]
Event: 75.365 Thread 0x0000021996519010 Exception <a 'sun/nio/fs/WindowsException'{0x0000000093073e10}> (0x0000000093073e10) 
thrown [s\src\hotspot\share\prims\jni.cpp, line 535]
Event: 75.365 Thread 0x0000021996519010 Exception <a 'sun/nio/fs/WindowsException'{0x0000000093074a10}> (0x0000000093074a10) 
thrown [s\src\hotspot\share\prims\jni.cpp, line 535]
Event: 75.368 Thread 0x0000021996519010 Exception <a 'sun/nio/fs/WindowsException'{0x0000000093084c90}> (0x0000000093084c90) 
thrown [s\src\hotspot\share\prims\jni.cpp, line 535]
Event: 75.368 Thread 0x0000021996519010 Exception <a 'sun/nio/fs/WindowsException'{0x0000000093087f48}> (0x0000000093087f48) 
thrown [s\src\hotspot\share\prims\jni.cpp, line 535]
Event: 75.368 Thread 0x0000021996519010 Exception <a 'sun/nio/fs/WindowsException'{0x000000009308ae68}> (0x000000009308ae68) 
thrown [s\src\hotspot\share\prims\jni.cpp, line 535]
Event: 75.368 Thread 0x0000021996519010 Exception <a 'sun/nio/fs/WindowsException'{0x000000009308bdb0}> (0x000000009308bdb0) 
thrown [s\src\hotspot\share\prims\jni.cpp, line 535]
Event: 75.368 Thread 0x0000021996519010 Exception <a 'sun/nio/fs/WindowsException'{0x0000000093090250}> (0x0000000093090250) 
thrown [s\src\hotspot\share\prims\jni.cpp, line 535]
Event: 582.849 Thread 0x000002199f8814e0 Exception <a 'sun/nio/fs/WindowsException'{0x0000000091f7cb00}> (0x0000000091f7cb00) 
thrown [s\src\hotspot\share\prims\jni.cpp, line 535]
Event: 582.851 Thread 0x000002199f8814e0 Exception <a 'sun/nio/fs/WindowsException'{0x0000000091f7dfb8}> (0x0000000091f7dfb8) 
thrown [s\src\hotspot\share\prims\jni.cpp, line 535]
Event: 582.852 Thread 0x000002199f8814e0 Exception <a 'sun/nio/fs/WindowsException'{0x0000000091f7f460}> (0x0000000091f7f460) 
thrown [s\src\hotspot\share\prims\jni.cpp, line 535]
Event: 582.852 Thread 0x000002199f8814e0 Exception <a 'sun/nio/fs/WindowsException'{0x0000000091f80500}> (0x0000000091f80500) 
thrown [s\src\hotspot\share\prims\jni.cpp, line 535]
Event: 583.972 Thread 0x000002199f8814e0 Exception <a 'sun/nio/fs/WindowsException'{0x0000000090bc2b98}> (0x0000000090bc2b98) 
thrown [s\src\hotspot\share\prims\jni.cpp, line 535]
Event: 583.974 Thread 0x000002199f8814e0 Exception <a 'sun/nio/fs/WindowsException'{0x0000000090bc42c0}> (0x0000000090bc42c0) 
thrown [s\src\hotspot\share\prims\jni.cpp, line 535]
Event: 583.986 Thread 0x000002199f8814e0 Exception <a 'sun/nio/fs/WindowsException'{0x0000000090bc66a8}> (0x0000000090bc66a8) 
thrown [s\src\hotspot\share\prims\jni.cpp, line 535]

ZGC Phase Switch (0 events):
No events

VM Operations (20 events):
Event: 416.491 Executing VM operation: Cleanup
Event: 416.491 Executing VM operation: Cleanup done
Event: 441.763 Executing VM operation: Cleanup
Event: 441.763 Executing VM operation: Cleanup done
Event: 545.811 Executing VM operation: Cleanup
Event: 545.827 Executing VM operation: Cleanup done
Event: 546.828 Executing VM operation: Cleanup
Event: 546.829 Executing VM operation: Cleanup done
Event: 566.975 Executing VM operation: Cleanup
Event: 566.975 Executing VM operation: Cleanup done
Event: 582.131 Executing VM operation: Cleanup
Event: 582.131 Executing VM operation: Cleanup done
Event: 583.144 Executing VM operation: Cleanup
Event: 583.159 Executing VM operation: Cleanup done
Event: 584.173 Executing VM operation: Cleanup
Event: 584.173 Executing VM operation: Cleanup done
Event: 586.189 Executing VM operation: Cleanup
Event: 586.205 Executing VM operation: Cleanup done
Event: 587.206 Executing VM operation: Cleanup
Event: 587.221 Executing VM operation: Cleanup done

Memory protections (0 events):
No events

Nmethod flushes (20 events):
Event: 70.888 Thread 0x00000219fea67b30 flushing  nmethod 0x00000219812ef590
Event: 70.888 Thread 0x00000219fea67b30 flushing  nmethod 0x00000219812f1890
Event: 70.888 Thread 0x00000219fea67b30 flushing  nmethod 0x0000021981348090
Event: 70.888 Thread 0x00000219fea67b30 flushing  nmethod 0x0000021981398e90
Event: 70.888 Thread 0x00000219fea67b30 flushing  nmethod 0x0000021981399210
Event: 70.888 Thread 0x00000219fea67b30 flushing  nmethod 0x000002198139c490
Event: 70.888 Thread 0x00000219fea67b30 flushing  nmethod 0x00000219813dfb90
Event: 70.888 Thread 0x00000219fea67b30 flushing  nmethod 0x00000219814a8610
Event: 70.888 Thread 0x00000219fea67b30 flushing  nmethod 0x000002198150df90
Event: 70.888 Thread 0x00000219fea67b30 flushing  nmethod 0x00000219815b2410
Event: 70.888 Thread 0x00000219fea67b30 flushing  nmethod 0x0000021981803310
Event: 70.888 Thread 0x00000219fea67b30 flushing  nmethod 0x000002198183f810
Event: 70.888 Thread 0x00000219fea67b30 flushing  nmethod 0x0000021981840010
Event: 70.888 Thread 0x00000219fea67b30 flushing  nmethod 0x000002198187d090
Event: 70.888 Thread 0x00000219fea67b30 flushing  nmethod 0x000002198187d590
Event: 70.888 Thread 0x00000219fea67b30 flushing  nmethod 0x000002198187dd90
Event: 70.888 Thread 0x00000219fea67b30 flushing  nmethod 0x0000021981891490
Event: 70.888 Thread 0x00000219fea67b30 flushing  nmethod 0x0000021981951f10
Event: 70.888 Thread 0x00000219fea67b30 flushing  nmethod 0x0000021981952610
Event: 70.888 Thread 0x00000219fea67b30 flushing  nmethod 0x0000021981a47a90

Events (20 events):
Event: 581.861 Thread 0x000002199f8814e0 Thread added: 0x000002199f87d9d0
Event: 582.455 Thread 0x000002199f8814e0 Thread added: 0x000002199f87f410
Event: 582.477 Thread 0x000002199f8814e0 Thread added: 0x000002199f87faa0
Event: 582.961 Thread 0x000002199f8814e0 Thread added: 0x000002199f87c620
Event: 583.020 Thread 0x000002199f8814e0 Thread added: 0x000002199f87e060
Event: 583.035 Thread 0x000002199f8814e0 Thread added: 0x000002199f882f20
Event: 584.638 Thread 0x00000219feae1f00 Thread added: 0x00000219968f73d0
Event: 585.359 Thread 0x000002199f8814e0 Thread added: 0x000002199f880130
Event: 585.361 Thread 0x000002199f8814e0 Thread added: 0x000002199f882890
Event: 585.361 Thread 0x000002199f8814e0 Thread added: 0x000002199f87bf90
Event: 585.598 Thread 0x00000219968f73d0 Thread exited: 0x00000219968f73d0
Event: 585.711 Thread 0x000002199f8814e0 Thread added: 0x000002199f8863a0
Event: 585.712 Thread 0x000002199f8814e0 Thread added: 0x000002199f887de0
Event: 585.712 Thread 0x000002199f8814e0 Thread added: 0x000002199f88a540
Event: 585.784 Thread 0x00000219feaebd50 Thread added: 0x00000219968f8f10
Event: 586.154 Thread 0x00000219968f8f10 Thread exited: 0x00000219968f8f10
Event: 586.163 Thread 0x00000219feaebd50 Thread added: 0x00000219968fcc60
Event: 586.302 Thread 0x00000219968fcc60 Thread exited: 0x00000219968fcc60
Event: 586.495 Thread 0x000002199f8814e0 Thread added: 0x000002199f884ff0
Event: 587.342 Thread 0x000002199f8814e0 Thread added: 0x000002199f883c40


Dynamic libraries:
0x00007ff7ddae0000 - 0x00007ff7ddaea000 	C:\Program Files\Android\Android Studio\jbr\bin\java.exe
0x00007fffb2150000 - 0x00007fffb2348000 	C:\Windows\SYSTEM32\ntdll.dll
0x00007fffb0a80000 - 0x00007fffb0b42000 	C:\Windows\System32\KERNEL32.DLL
0x00007fffafc30000 - 0x00007fffaff26000 	C:\Windows\System32\KERNELBASE.dll
0x00007fffafb30000 - 0x00007fffafc30000 	C:\Windows\System32\ucrtbase.dll
0x00007fff8da60000 - 0x00007fff8da7b000 	C:\Program Files\Android\Android Studio\jbr\bin\VCRUNTIME140.dll
0x00007fff79f70000 - 0x00007fff79f88000 	C:\Program Files\Android\Android Studio\jbr\bin\jli.dll
0x00007fffb0190000 - 0x00007fffb032d000 	C:\Windows\System32\USER32.dll
0x00007fffaf9a0000 - 0x00007fffaf9c2000 	C:\Windows\System32\win32u.dll
0x00007fffb1170000 - 0x00007fffb119b000 	C:\Windows\System32\GDI32.dll
0x00007fffaff30000 - 0x00007fffb004a000 	C:\Windows\System32\gdi32full.dll
0x00007fffb0080000 - 0x00007fffb011d000 	C:\Windows\System32\msvcp_win.dll
0x00007fff999d0000 - 0x00007fff99c6a000 	C:\Windows\WinSxS\amd64_microsoft.windows.common-controls_6595b64144ccf1df_6.0.19041.4355_none_60b8b9eb71f62e16\COMCTL32.dll
0x00007fffb1f20000 - 0x00007fffb1fbe000 	C:\Windows\System32\msvcrt.dll
0x00007fffb1ef0000 - 0x00007fffb1f1f000 	C:\Windows\System32\IMM32.DLL
0x00007fff907b0000 - 0x00007fff907bc000 	C:\Program Files\Android\Android Studio\jbr\bin\vcruntime140_1.dll
0x00007fff180b0000 - 0x00007fff1813d000 	C:\Program Files\Android\Android Studio\jbr\bin\msvcp140.dll
0x00007fff15fb0000 - 0x00007fff16c3b000 	C:\Program Files\Android\Android Studio\jbr\bin\server\jvm.dll
0x00007fffb0db0000 - 0x00007fffb0e5f000 	C:\Windows\System32\ADVAPI32.dll
0x00007fffb0330000 - 0x00007fffb03cf000 	C:\Windows\System32\sechost.dll
0x00007fffb0e60000 - 0x00007fffb0f83000 	C:\Windows\System32\RPCRT4.dll
0x00007fffb0050000 - 0x00007fffb0077000 	C:\Windows\System32\bcrypt.dll
0x00007fffb1290000 - 0x00007fffb12fb000 	C:\Windows\System32\WS2_32.dll
0x00007fff9f140000 - 0x00007fff9f167000 	C:\Windows\SYSTEM32\WINMM.dll
0x00007fffa46e0000 - 0x00007fffa46ea000 	C:\Windows\SYSTEM32\VERSION.dll
0x00007fffaece0000 - 0x00007fffaed2b000 	C:\Windows\SYSTEM32\POWRPROF.dll
0x00007fffaeba0000 - 0x00007fffaebb2000 	C:\Windows\SYSTEM32\UMPDC.dll
0x00007fffad620000 - 0x00007fffad632000 	C:\Windows\SYSTEM32\kernel.appcore.dll
0x00007fff8fdb0000 - 0x00007fff8fdba000 	C:\Program Files\Android\Android Studio\jbr\bin\jimage.dll
0x00007fff9e800000 - 0x00007fff9e9e4000 	C:\Windows\SYSTEM32\DBGHELP.DLL
0x00007fff930b0000 - 0x00007fff930e4000 	C:\Windows\SYSTEM32\dbgcore.DLL
0x00007fffaf860000 - 0x00007fffaf8e2000 	C:\Windows\System32\bcryptPrimitives.dll
0x00007fff90820000 - 0x00007fff9082e000 	C:\Program Files\Android\Android Studio\jbr\bin\instrument.dll
0x00007fff83d00000 - 0x00007fff83d20000 	C:\Program Files\Android\Android Studio\jbr\bin\java.dll
0x00007fff7f790000 - 0x00007fff7f7a8000 	C:\Program Files\Android\Android Studio\jbr\bin\zip.dll
0x00007fffb1300000 - 0x00007fffb1a6f000 	C:\Windows\System32\SHELL32.dll
0x00007fffad820000 - 0x00007fffadfc3000 	C:\Windows\SYSTEM32\windows.storage.dll
0x00007fffb06a0000 - 0x00007fffb09f5000 	C:\Windows\System32\combase.dll
0x00007fffaf130000 - 0x00007fffaf15b000 	C:\Windows\SYSTEM32\Wldp.dll
0x00007fffb0b50000 - 0x00007fffb0c1d000 	C:\Windows\System32\OLEAUT32.dll
0x00007fffb1fd0000 - 0x00007fffb207d000 	C:\Windows\System32\SHCORE.dll
0x00007fffb0c20000 - 0x00007fffb0c75000 	C:\Windows\System32\shlwapi.dll
0x00007fffaf710000 - 0x00007fffaf735000 	C:\Windows\SYSTEM32\profapi.dll
0x00007fff8fd80000 - 0x00007fff8fd90000 	C:\Program Files\Android\Android Studio\jbr\bin\net.dll
0x00007fffa7560000 - 0x00007fffa766a000 	C:\Windows\SYSTEM32\WINHTTP.dll
0x00007fffaef10000 - 0x00007fffaef7c000 	C:\Windows\system32\mswsock.dll
0x00007fff7f520000 - 0x00007fff7f536000 	C:\Program Files\Android\Android Studio\jbr\bin\nio.dll
0x00007fff8bae0000 - 0x00007fff8baf0000 	C:\Program Files\Android\Android Studio\jbr\bin\verify.dll
0x00007fff70bb0000 - 0x00007fff70bd7000 	C:\Users\Lenovo\.gradle\native\1def1411415f61bf3af743bc5b6707747c0891f09f0c88961ee8f79bc544acac\windows-amd64\native-platform.dll
0x00007fff53910000 - 0x00007fff53988000 	C:\Users\Lenovo\.gradle\native\0.2.7\x86_64-windows-gnu\gradle-fileevents.dll
0x00007fff8e250000 - 0x00007fff8e259000 	C:\Program Files\Android\Android Studio\jbr\bin\management.dll
0x00007fff8cd10000 - 0x00007fff8cd1b000 	C:\Program Files\Android\Android Studio\jbr\bin\management_ext.dll
0x00007fffb11a0000 - 0x00007fffb11a8000 	C:\Windows\System32\PSAPI.DLL
0x00007fffaebc0000 - 0x00007fffaebfb000 	C:\Windows\SYSTEM32\IPHLPAPI.DLL
0x00007fffb1fc0000 - 0x00007fffb1fc8000 	C:\Windows\System32\NSI.dll
0x00007fff8e500000 - 0x00007fff8e509000 	C:\Program Files\Android\Android Studio\jbr\bin\extnet.dll
0x00007fffaf170000 - 0x00007fffaf188000 	C:\Windows\SYSTEM32\CRYPTSP.dll
0x00007fffae7e0000 - 0x00007fffae818000 	C:\Windows\system32\rsaenh.dll
0x00007fffaf6d0000 - 0x00007fffaf6fe000 	C:\Windows\SYSTEM32\USERENV.dll
0x00007fffaf0a0000 - 0x00007fffaf0ac000 	C:\Windows\SYSTEM32\CRYPTBASE.dll
0x00007fff90170000 - 0x00007fff90177000 	C:\Windows\system32\wshunix.dll
0x00007fff8c7d0000 - 0x00007fff8c7e7000 	C:\Windows\system32\napinsp.dll
0x00007fff8bf50000 - 0x00007fff8bf6b000 	C:\Windows\system32\pnrpnsp.dll
0x00007fffab520000 - 0x00007fffab535000 	C:\Windows\system32\wshbth.dll
0x00007fffaa360000 - 0x00007fffaa37d000 	C:\Windows\system32\NLAapi.dll
0x00007fffaec10000 - 0x00007fffaecda000 	C:\Windows\SYSTEM32\DNSAPI.dll
0x00007fff8be20000 - 0x00007fff8be32000 	C:\Windows\System32\winrnr.dll
0x0000000069a50000 - 0x0000000069a76000 	C:\Program Files\Bonjour\mdnsNSP.dll
0x00007fff9d8e0000 - 0x00007fff9d8ea000 	C:\Windows\System32\rasadhlp.dll
0x00007fffa71e0000 - 0x00007fffa7260000 	C:\Windows\System32\fwpuclnt.dll
0x00007fffaea30000 - 0x00007fffaea63000 	C:\Windows\SYSTEM32\ntmarta.dll

dbghelp: loaded successfully - version: 4.0.5 - missing functions: none
symbol engine: initialized successfully - sym options: 0x614 - pdb path: .;C:\Program Files\Android\Android Studio\jbr\bin;C:\Windows\SYSTEM32;C:\Windows\WinSxS\amd64_microsoft.windows.common-controls_6595b64144ccf1df_6.0.19041.4355_none_60b8b9eb71f62e16;C:\Program Files\Android\Android Studio\jbr\bin\server;C:\Users\Lenovo\.gradle\native\1def1411415f61bf3af743bc5b6707747c0891f09f0c88961ee8f79bc544acac\windows-amd64;C:\Users\Lenovo\.gradle\native\0.2.7\x86_64-windows-gnu;C:\Program Files\Bonjour

VM Arguments:
jvm_args: --add-opens=java.base/java.lang=ALL-UNNAMED --add-opens=java.base/java.lang.invoke=ALL-UNNAMED --add-opens=java.base/java.util=ALL-UNNAMED --add-opens=java.prefs/java.util.prefs=ALL-UNNAMED --add-exports=jdk.compiler/com.sun.tools.javac.api=ALL-UNNAMED --add-exports=jdk.compiler/com.sun.tools.javac.util=ALL-UNNAMED --add-opens=java.base/java.util=ALL-UNNAMED --add-opens=java.prefs/java.util.prefs=ALL-UNNAMED --add-opens=java.base/java.nio.charset=ALL-UNNAMED --add-opens=java.base/java.net=ALL-UNNAMED --add-opens=java.base/java.util.concurrent.atomic=ALL-UNNAMED --add-opens=java.xml/javax.xml.namespace=ALL-UNNAMED -Xmx2048m -Dfile.encoding=UTF-8 -Duser.country=BR -Duser.language=pt -Duser.variant -javaagent:C:\Users\Lenovo\.gradle\wrapper\dists\gradle-8.13-bin\5xuhj0ry160q40clulazy9h7d\gradle-8.13\lib\agents\gradle-instrumentation-agent-8.13.jar 
java_command: org.gradle.launcher.daemon.bootstrap.GradleDaemon 8.13
java_class_path (initial): C:\Users\Lenovo\.gradle\wrapper\dists\gradle-8.13-bin\5xuhj0ry160q40clulazy9h7d\gradle-8.13\lib\gradle-daemon-main-8.13.jar
Launcher Type: SUN_STANDARD

[Global flags]
     intx CICompilerCount                          = 3                                         {product} {ergonomic}
     uint ConcGCThreads                            = 1                                         {product} {ergonomic}
     uint G1ConcRefinementThreads                  = 4                                         {product} {ergonomic}
   size_t G1HeapRegionSize                         = 1048576                                   {product} {ergonomic}
    uintx GCDrainStackTargetSize                   = 64                                        {product} {ergonomic}
   size_t InitialHeapSize                          = 201326592                                 {product} {ergonomic}
   size_t MarkStackSize                            = 4194304                                   {product} {ergonomic}
   size_t MaxHeapSize                              = 2147483648                                {product} {command line}
   size_t MaxNewSize                               = 1287651328                                {product} {ergonomic}
   size_t MinHeapDeltaBytes                        = 1048576                                   {product} {ergonomic}
   size_t MinHeapSize                              = 8388608                                   {product} {ergonomic}
    uintx NonNMethodCodeHeapSize                   = 5832780                                {pd product} {ergonomic}
    uintx NonProfiledCodeHeapSize                  = 122912730                              {pd product} {ergonomic}
    uintx ProfiledCodeHeapSize                     = 122912730                              {pd product} {ergonomic}
    uintx ReservedCodeCacheSize                    = 251658240                              {pd product} {ergonomic}
     bool SegmentedCodeCache                       = true                                      {product} {ergonomic}
   size_t SoftMaxHeapSize                          = 2147483648                             {manageable} {ergonomic}
     bool UseCompressedOops                        = true                           {product lp64_product} {ergonomic}
     bool UseG1GC                                  = true                                      {product} {ergonomic}
     bool UseLargePagesIndividualAllocation        = false                                  {pd product} {ergonomic}

Logging:
Log output configuration:
 #0: stdout all=warning uptime,level,tags foldmultilines=false
 #1: stderr all=off uptime,level,tags foldmultilines=false

Environment Variables:
PATH=C:\Program Files\Common Files\Oracle\Java\javapath;C:\Windows\System32\WindowsPowerShell\v1.0;C:\Program Files (x86)\NVIDIA Corporation\PhysX\Common;C:\Program Files\NVIDIA Corporation\NVIDIA NvDLISR;C:\Program Files\Git\cmd;C:\Program Files\Microchip\xc8\v3.00\bin;C:\Program Files\Docker\Docker\resources\bin;C:\Users\Lenovo\AppData\Local\Programs\Python\Launcher\;C:\Program Files\7-Zip;C:\Program Files\MySQL\MySQL Server 8.0\bin;C:\Users\Lenovo\AppData\Local\Programs\Microsoft VS Code\bin;C:\Program Files\nodejs;C:\Users\Lenovo\AppData\Local\Programs\Python\Python313\python.exe;C:\Program Files\JetBrains\PyCharm Community Edition 2024.3.5\bin;;C:\Users\Lenovo\AppData\Local\GitHubDesktop\bin
USERNAME=Lucas
OS=Windows_NT
PROCESSOR_IDENTIFIER=Intel64 Family 6 Model 142 Stepping 9, GenuineIntel
TMP=C:\Users\Lenovo\AppData\Local\Temp
TEMP=C:\Users\Lenovo\AppData\Local\Temp




Periodic native trim disabled

JNI global refs:
JNI global refs: 29, weak refs: 2

JNI global refs memory usage: 835, weak refs: 833

Process memory usage:
Resident Set Size: 419096K (3% of 12454628K total physical memory with 772292K free physical memory)

OOME stack traces (most recent first):
Classloader memory used:
Loader org.gradle.internal.classloader.VisitableURLClassLoader$InstrumentingVisitableURLClassLoader: 45521K
Loader org.gradle.internal.classloader.VisitableURLClassLoader                         : 44106K
Loader bootstrap                                                                       : 31572K
Loader org.gradle.initialization.MixInLegacyTypesClassLoader                           : 12226K
Loader java.net.URLClassLoader                                                         : 4173K
Loader jdk.internal.loader.ClassLoaders$PlatformClassLoader                            : 554K
Loader jdk.internal.reflect.DelegatingClassLoader                                      : 501K
Loader jdk.internal.loader.ClassLoaders$AppClassLoader                                 : 235K
Loader org.gradle.internal.classloader.VisitableURLClassLoader                         : 213K
Loader sun.reflect.misc.MethodUtil                                                     : 2952B


[error occurred during error reporting (Classloader stats), id 0xe0000001, Out of Memory Error (s\src\hotspot\share\memory\arena.cpp:168)]
---------------  S Y S T E M  ---------------

OS:
 Windows 10 , 64 bit Build 19041 (10.0.19041.5678)
OS uptime: 5 days 0:17 hours
Hyper-V role detected

CPU: total 4 (initial active 4) (2 cores per cpu, 2 threads per core) family 6 model 142 stepping 9 microcode 0xd6, cx8, cmov, fxsr, ht, mmx, 3dnowpref, sse, sse2, sse3, ssse3, sse4.1, sse4.2, popcnt, lzcnt, tsc, tscinvbit, avx, avx2, aes, erms, clmul, bmi1, bmi2, adx, fma, vzeroupper, clflush, clflushopt, hv, rdtscp, f16c
Processor Information for the first 4 processors :
  Max Mhz: 2904, Current Mhz: 2703, Mhz Limit: 2700

Memory: 4k page, system-wide physical 12162M (733M free)
TotalPageFile size 49026M (AvailPageFile size 0M)
current process WorkingSet (physical memory assigned to process): 422M, peak: 634M
current process commit charge ("private bytes"): 686M, peak: 727M

vm_info: OpenJDK 64-Bit Server VM (21.0.6+-13391695-b895.109) for windows-amd64 JRE (21.0.6+-13391695-b895.109), built on 2025-04-22T21:19:17Z by "builder" with MS VC++ 16.10 / 16.11 (VS2019)

END.
