#
# There is insufficient memory for the Java Runtime Environment to continue.
# Native memory allocation (mmap) failed to map 201326592 bytes. Error detail: G1 virtual space
# Possible reasons:
#   The system is out of physical RAM or swap space
#   This process is running with CompressedOops enabled, and the Java Heap may be blocking the growth of the native heap
# Possible solutions:
#   Reduce memory load on the system
#   Increase physical memory or swap space
#   Check if swap backing store is full
#   Decrease Java heap size (-Xmx/-Xms)
#   Decrease number of Java threads
#   Decrease Java thread stack sizes (-Xss)
#   Set larger code cache with -XX:ReservedCodeCacheSize=
#   JVM is running with Zero Based Compressed Oops mode in which the Java heap is
#     placed in the first 32GB address space. The Java Heap base address is the
#     maximum limit for the native heap growth. Please use -XX:HeapBaseMinAddress
#     to set the Java Heap base and to place the Java Heap above 32GB virtual address.
# This output file may be truncated or incomplete.
#
#  Out of Memory Error (os_windows.cpp:3898), pid=17548, tid=18568
#
# JRE version:  (21.0.6) (build )
# Java VM: OpenJDK 64-Bit Server VM (21.0.6+-13391695-b895.109, mixed mode, sharing, tiered, compressed oops, compressed class ptrs, g1 gc, windows-amd64)
# No core dump will be written. Minidumps are not enabled by default on client versions of Windows
#

---------------  S U M M A R Y ------------

Command Line: git4idea.http.GitAskPassApp Username for 'https://github.com': 

Host: Intel(R) Core(TM) i7-7500U CPU @ 2.70GHz, 4 cores, 11G,  Windows 10 , 64 bit Build 19041 (10.0.19041.5678)
Time: Mon Oct 27 20:51:34 2025 Hora oficial do Brasil elapsed time: 0.219134 seconds (0d 0h 0m 0s)

---------------  T H R E A D  ---------------

Current thread (0x00000243651320e0):  JavaThread "Unknown thread" [_thread_in_vm, id=18568, stack(0x0000005860100000,0x0000005860200000) (1024K)]

Stack: [0x0000005860100000,0x0000005860200000]
Native frames: (J=compiled Java code, j=interpreted, Vv=VM code, C=native code)
V  [jvm.dll+0x6d0639]
V  [jvm.dll+0x85eb03]
V  [jvm.dll+0x86105e]
V  [jvm.dll+0x861743]
V  [jvm.dll+0x27e6e6]
V  [jvm.dll+0x6ccfd5]
V  [jvm.dll+0x6c0a8a]
V  [jvm.dll+0x35537b]
V  [jvm.dll+0x35cfd6]
V  [jvm.dll+0x3aef86]
V  [jvm.dll+0x3af258]
V  [jvm.dll+0x327a2c]
V  [jvm.dll+0x32871b]
V  [jvm.dll+0x826549]
V  [jvm.dll+0x3bc158]
V  [jvm.dll+0x80f7f8]
V  [jvm.dll+0x45035e]
V  [jvm.dll+0x451ac1]
C  [jli.dll+0x52ab]
C  [ucrtbase.dll+0x21bb2]
C  [KERNEL32.DLL+0x17374]
C  [ntdll.dll+0x4cc91]


---------------  P R O C E S S  ---------------

Threads class SMR info:
_java_thread_list=0x00007fff16af1848, length=0, elements={
}

Java Threads: ( => current thread )
Total: 0

Other Threads:
  0x000002436732e940 WorkerThread "GC Thread#0"                     [id=19688, stack(0x0000005860200000,0x0000005860300000) (1024K)]
  0x000002436733c650 ConcurrentGCThread "G1 Main Marker"            [id=21076, stack(0x0000005860300000,0x0000005860400000) (1024K)]
  0x000002436733d060 WorkerThread "G1 Conc#0"                       [id=2644, stack(0x0000005860400000,0x0000005860500000) (1024K)]

[error occurred during error reporting (printing all threads), id 0xc0000005, EXCEPTION_ACCESS_VIOLATION (0xc0000005) at pc=0x00007fff162eaa87]
VM state: not at safepoint (not fully initialized)

VM Mutex/Monitor currently owned by a thread:  ([mutex/lock_event])
[0x00007fff16b5e4a0] Heap_lock - owner thread: 0x00000243651320e0

Heap address: 0x0000000741e00000, size: 3042 MB, Compressed Oops mode: Zero based, Oop shift amount: 3

CDS archive(s) mapped at: [0x0000000000000000-0x0000000000000000-0x0000000000000000), size 0, SharedBaseAddress: 0x0000000800000000, ArchiveRelocationMode: 1.
Narrow klass base: 0x0000000000000000, Narrow klass shift: 0, Narrow klass range: 0x0

GC Precious Log:
 CardTable entry size: 512
 Card Set container configuration: InlinePtr #cards 4 size 8 Array Of Cards #cards 16 size 48 Howl #buckets 8 coarsen threshold 3686 Howl Bitmap #cards 512 size 80 coarsen threshold 460 Card regions per heap region 1 cards per card region 4096

Heap:
 garbage-first heap   total 0K, used 0K [0x0000000741e00000, 0x0000000800000000)
  region size 2048K, 0 young (0K), 0 survivors (0K)
 Metaspace       used 0K, committed 0K, reserved 0K
  class space    used 0K, committed 0K, reserved 0K

Heap Regions: E=young(eden), S=young(survivor), O=old, HS=humongous(starts), HC=humongous(continues), CS=collection set, F=free, TAMS=top-at-mark-start, PB=parsable bottom

Card table byte_map: [0x0000024379a40000,0x000002437a040000] _byte_map_base: 0x0000024376031000

Marking Bits: (CMBitMap*) 0x000002436732ff60
 Bits: [0x000002437a040000, 0x000002437cfc8000)

GC Heap History (0 events):
No events

Dll operation events (1 events):
Event: 0.021 Loaded shared library C:\Program Files\Android\Android Studio\jbr\bin\java.dll

Deoptimization events (0 events):
No events

Classes loaded (0 events):
No events

Classes unloaded (0 events):
No events

Classes redefined (0 events):
No events

Internal exceptions (0 events):
No events

ZGC Phase Switch (0 events):
No events

VM Operations (0 events):
No events

Memory protections (0 events):
No events

Nmethod flushes (0 events):
No events

Events (0 events):
No events


Dynamic libraries:
0x00007ff7ddae0000 - 0x00007ff7ddaea000 	C:\Program Files\Android\Android Studio\jbr\bin\java.exe
0x00007fffb2150000 - 0x00007fffb2348000 	C:\Windows\SYSTEM32\ntdll.dll
0x00007fffb0a80000 - 0x00007fffb0b42000 	C:\Windows\System32\KERNEL32.DLL
0x00007fffafc30000 - 0x00007fffaff26000 	C:\Windows\System32\KERNELBASE.dll
0x00007fffafb30000 - 0x00007fffafc30000 	C:\Windows\System32\ucrtbase.dll
0x00007fff79f70000 - 0x00007fff79f88000 	C:\Program Files\Android\Android Studio\jbr\bin\jli.dll
0x00007fff8da60000 - 0x00007fff8da7b000 	C:\Program Files\Android\Android Studio\jbr\bin\VCRUNTIME140.dll
0x00007fffb0190000 - 0x00007fffb032d000 	C:\Windows\System32\USER32.dll
0x00007fffaf9a0000 - 0x00007fffaf9c2000 	C:\Windows\System32\win32u.dll
0x00007fff999d0000 - 0x00007fff99c6a000 	C:\Windows\WinSxS\amd64_microsoft.windows.common-controls_6595b64144ccf1df_6.0.19041.4355_none_60b8b9eb71f62e16\COMCTL32.dll
0x00007fffb1170000 - 0x00007fffb119b000 	C:\Windows\System32\GDI32.dll
0x00007fffb1f20000 - 0x00007fffb1fbe000 	C:\Windows\System32\msvcrt.dll
0x00007fffaff30000 - 0x00007fffb004a000 	C:\Windows\System32\gdi32full.dll
0x00007fffb0080000 - 0x00007fffb011d000 	C:\Windows\System32\msvcp_win.dll
0x00007fffb1ef0000 - 0x00007fffb1f1f000 	C:\Windows\System32\IMM32.DLL
0x00007fff907b0000 - 0x00007fff907bc000 	C:\Program Files\Android\Android Studio\jbr\bin\vcruntime140_1.dll
0x00007fff180b0000 - 0x00007fff1813d000 	C:\Program Files\Android\Android Studio\jbr\bin\msvcp140.dll
0x00007fff15fb0000 - 0x00007fff16c3b000 	C:\Program Files\Android\Android Studio\jbr\bin\server\jvm.dll
0x00007fffb0db0000 - 0x00007fffb0e5f000 	C:\Windows\System32\ADVAPI32.dll
0x00007fffb0330000 - 0x00007fffb03cf000 	C:\Windows\System32\sechost.dll
0x00007fffb0e60000 - 0x00007fffb0f83000 	C:\Windows\System32\RPCRT4.dll
0x00007fffb0050000 - 0x00007fffb0077000 	C:\Windows\System32\bcrypt.dll
0x00007fffb1290000 - 0x00007fffb12fb000 	C:\Windows\System32\WS2_32.dll
0x00007fffaece0000 - 0x00007fffaed2b000 	C:\Windows\SYSTEM32\POWRPROF.dll
0x00007fff9f140000 - 0x00007fff9f167000 	C:\Windows\SYSTEM32\WINMM.dll
0x00007fffa46e0000 - 0x00007fffa46ea000 	C:\Windows\SYSTEM32\VERSION.dll
0x00007fffaeba0000 - 0x00007fffaebb2000 	C:\Windows\SYSTEM32\UMPDC.dll
0x00007fffad620000 - 0x00007fffad632000 	C:\Windows\SYSTEM32\kernel.appcore.dll
0x00007fff8fdb0000 - 0x00007fff8fdba000 	C:\Program Files\Android\Android Studio\jbr\bin\jimage.dll
0x00007fff9e800000 - 0x00007fff9e9e4000 	C:\Windows\SYSTEM32\DBGHELP.DLL
0x00007fff930b0000 - 0x00007fff930e4000 	C:\Windows\SYSTEM32\dbgcore.DLL
0x00007fffaf860000 - 0x00007fffaf8e2000 	C:\Windows\System32\bcryptPrimitives.dll
0x00007fff83d00000 - 0x00007fff83d20000 	C:\Program Files\Android\Android Studio\jbr\bin\java.dll

dbghelp: loaded successfully - version: 4.0.5 - missing functions: none
symbol engine: initialized successfully - sym options: 0x614 - pdb path: .;C:\Program Files\Android\Android Studio\jbr\bin;C:\Windows\SYSTEM32;C:\Windows\WinSxS\amd64_microsoft.windows.common-controls_6595b64144ccf1df_6.0.19041.4355_none_60b8b9eb71f62e16;C:\Program Files\Android\Android Studio\jbr\bin\server

VM Arguments:
java_command: git4idea.http.GitAskPassApp Username for 'https://github.com': 
java_class_path (initial): C:/Program Files/Android/Android Studio/plugins/vcs-git/lib/git4idea-rt.jar;C:/Program Files/Android/Android Studio/lib/externalProcess-rt.jar
Launcher Type: SUN_STANDARD

[Global flags]
     intx CICompilerCount                          = 3                                         {product} {ergonomic}
     uint ConcGCThreads                            = 1                                         {product} {ergonomic}
     uint G1ConcRefinementThreads                  = 4                                         {product} {ergonomic}
   size_t G1HeapRegionSize                         = 2097152                                   {product} {ergonomic}
    uintx GCDrainStackTargetSize                   = 64                                        {product} {ergonomic}
   size_t InitialHeapSize                          = 201326592                                 {product} {ergonomic}
   size_t MarkStackSize                            = 4194304                                   {product} {ergonomic}
   size_t MaxHeapSize                              = 3189768192                                {product} {ergonomic}
   size_t MinHeapDeltaBytes                        = 2097152                                   {product} {ergonomic}
   size_t MinHeapSize                              = 8388608                                   {product} {ergonomic}
    uintx NonNMethodCodeHeapSize                   = 5832780                                {pd product} {ergonomic}
    uintx NonProfiledCodeHeapSize                  = 122912730                              {pd product} {ergonomic}
    uintx ProfiledCodeHeapSize                     = 122912730                              {pd product} {ergonomic}
    uintx ReservedCodeCacheSize                    = 251658240                              {pd product} {ergonomic}
     bool SegmentedCodeCache                       = true                                      {product} {ergonomic}
   size_t SoftMaxHeapSize                          = 3189768192                             {manageable} {ergonomic}
     bool UseCompressedOops                        = true                           {product lp64_product} {ergonomic}
     bool UseG1GC                                  = true                                      {product} {ergonomic}
     bool UseLargePagesIndividualAllocation        = false                                  {pd product} {ergonomic}

Logging:
Log output configuration:
 #0: stdout all=warning uptime,level,tags foldmultilines=false
 #1: stderr all=off uptime,level,tags foldmultilines=false

Environment Variables:
PATH=C:\Program Files\Git\mingw64\libexec\git-core;C:\Program Files\Git\mingw64\libexec\git-core;C:\Program Files\Git\mingw64\bin;C:\Program Files\Git\usr\bin;C:\Users\Lenovo\bin;C:\Program Files\Common Files\Oracle\Java\javapath;C:\Windows\System32\WindowsPowerShell\v1.0;C:\Program Files (x86)\NVIDIA Corporation\PhysX\Common;C:\Program Files\NVIDIA Corporation\NVIDIA NvDLISR;C:\Program Files\Git\cmd;C:\Program Files\Microchip\xc8\v3.00\bin;C:\Program Files\Docker\Docker\resources\bin;C:\Users\Lenovo\AppData\Local\Programs\Python\Launcher;C:\Program Files\7-Zip;C:\Program Files\MySQL\MySQL Server 8.0\bin;C:\Users\Lenovo\AppData\Local\Programs\Microsoft VS Code\bin;C:\Program Files\nodejs;C:\Users\Lenovo\AppData\Local\Programs\Python\Python313\python.exe;C:\Program Files\JetBrains\PyCharm Community Edition 2024.3.5\bin;C:\Users\Lenovo\AppData\Local\GitHubDesktop\bin
USERNAME=Lucas
DISPLAY=:0.0
LC_ALL=en_US.UTF-8
TERM=xterm-256color
TMPDIR=C:\Users\Lenovo\AppData\Local\Temp
OS=Windows_NT
PROCESSOR_IDENTIFIER=Intel64 Family 6 Model 142 Stepping 9, GenuineIntel
TMP=C:\Users\Lenovo\AppData\Local\Temp
TEMP=C:\Users\Lenovo\AppData\Local\Temp




Periodic native trim disabled

JNI global refs:
JNI global refs: 0, weak refs: 0

JNI global refs memory usage: 0, weak refs: 0

Process memory usage:
Resident Set Size: 10668K (0% of 12454628K total physical memory with 116792K free physical memory)

OOME stack traces (most recent first):
Classloader memory used:

---------------  S Y S T E M  ---------------

OS:
 Windows 10 , 64 bit Build 19041 (10.0.19041.5678)
OS uptime: 5 days 0:17 hours
Hyper-V role detected

CPU: total 4 (initial active 4) (2 cores per cpu, 2 threads per core) family 6 model 142 stepping 9 microcode 0xd6, cx8, cmov, fxsr, ht, mmx, 3dnowpref, sse, sse2, sse3, ssse3, sse4.1, sse4.2, popcnt, lzcnt, tsc, tscinvbit, avx, avx2, aes, erms, clmul, bmi1, bmi2, adx, fma, vzeroupper, clflush, clflushopt, hv, rdtscp, f16c
Processor Information for the first 4 processors :
  Max Mhz: 2904, Current Mhz: 2703, Mhz Limit: 2700

Memory: 4k page, system-wide physical 12162M (114M free)
TotalPageFile size 49014M (AvailPageFile size 128M)
current process WorkingSet (physical memory assigned to process): 10M, peak: 10M
current process commit charge ("private bytes"): 51M, peak: 243M

vm_info: OpenJDK 64-Bit Server VM (21.0.6+-13391695-b895.109) for windows-amd64 JRE (21.0.6+-13391695-b895.109), built on 2025-04-22T21:19:17Z by "builder" with MS VC++ 16.10 / 16.11 (VS2019)

END.
